<?xml version="1.0" encoding="UTF-8"?>
<robot generator="Robot 7.4.1 (Python 3.12.8 on win32)" generated="2026-03-03T21:44:58.427853" rpa="false" schemaversion="5">
<suite id="s1" name="testPID002-006" source="C:\Users\User\Downloads\SE Sprint2\kku-software-engineering-project-painamnae\docs\Sprint-2\test\Test case PID-002\testPID002-006.robot">
<test id="s1-t1" name="TC-001 เปิดเว็บไซต์และLogin" line="11">
<kw name="Open Browser" owner="SeleniumLibrary">
<msg time="2026-03-03T21:44:58.985952" level="INFO">Opening browser 'Chrome' to base url 'https://csse4269.cpkku.com/'.</msg>
<arg>${URL}</arg>
<arg>${BROWSER}</arg>
<doc>Opens a new browser instance to the optional ``url``.</doc>
<status status="PASS" start="2026-03-03T21:44:58.985952" elapsed="6.133920"/>
</kw>
<kw name="Maximize Browser Window" owner="SeleniumLibrary">
<doc>Maximizes current browser window.</doc>
<status status="PASS" start="2026-03-03T21:45:05.125871" elapsed="0.087069"/>
</kw>
<kw name="Capture Page Screenshot" owner="SeleniumLibrary">
<msg time="2026-03-03T21:45:05.685863" level="INFO" html="true">&lt;/td&gt;&lt;/tr&gt;&lt;tr&gt;&lt;td colspan="3"&gt;&lt;a href="selenium-screenshot-1.png"&gt;&lt;img src="selenium-screenshot-1.png" width="800px"&gt;&lt;/a&gt;</msg>
<doc>Takes a screenshot of the current page and embeds it into a log file.</doc>
<status status="PASS" start="2026-03-03T21:45:05.310452" elapsed="0.377425"/>
</kw>
<kw name="Wait Until Page Contains" owner="SeleniumLibrary">
<arg>เข้าสู่ระบบ</arg>
<arg>10s</arg>
<doc>Waits until ``text`` appears on the current page.</doc>
<status status="PASS" start="2026-03-03T21:45:05.691906" elapsed="0.026561"/>
</kw>
<kw name="Click Element" owner="SeleniumLibrary">
<msg time="2026-03-03T21:45:05.720484" level="INFO">Clicking element 'xpath=//a[contains(.,'เข้าสู่ระบบ')]'.</msg>
<arg>xpath=//a[contains(.,'เข้าสู่ระบบ')]</arg>
<doc>Click the element identified by ``locator``.</doc>
<status status="PASS" start="2026-03-03T21:45:05.720484" elapsed="0.207487"/>
</kw>
<kw name="Capture Page Screenshot" owner="SeleniumLibrary">
<msg time="2026-03-03T21:45:06.196356" level="INFO" html="true">&lt;/td&gt;&lt;/tr&gt;&lt;tr&gt;&lt;td colspan="3"&gt;&lt;a href="selenium-screenshot-2.png"&gt;&lt;img src="selenium-screenshot-2.png" width="800px"&gt;&lt;/a&gt;</msg>
<doc>Takes a screenshot of the current page and embeds it into a log file.</doc>
<status status="PASS" start="2026-03-03T21:45:05.928983" elapsed="0.267373"/>
</kw>
<status status="PASS" start="2026-03-03T21:44:58.973756" elapsed="7.229692"/>
</test>
<test id="s1-t2" name="TC-002 Loginสำเร็จ" line="20">
<kw name="Wait Until Element Is Visible" owner="SeleniumLibrary">
<arg>xpath=//input[contains(@placeholder,'อีเมล')]</arg>
<arg>15s</arg>
<doc>Waits until the element ``locator`` is visible.</doc>
<status status="PASS" start="2026-03-03T21:45:06.223750" elapsed="0.060322"/>
</kw>
<kw name="Input Text" owner="SeleniumLibrary">
<msg time="2026-03-03T21:45:06.285074" level="INFO">Typing text 'preeya.k@gmail.com' into text field 'xpath=//input[contains(@placeholder,'อีเมล')]'.</msg>
<arg>xpath=//input[contains(@placeholder,'อีเมล')]</arg>
<arg>${EMAIL}</arg>
<doc>Types the given ``text`` into the text field identified by ``locator``.</doc>
<status status="PASS" start="2026-03-03T21:45:06.285074" elapsed="0.434712"/>
</kw>
<kw name="Input Text" owner="SeleniumLibrary">
<msg time="2026-03-03T21:45:06.721800" level="INFO">Typing text 'Preeya20242024' into text field 'xpath=//input[contains(@placeholder,'รหัสผ่าน')]'.</msg>
<arg>xpath=//input[contains(@placeholder,'รหัสผ่าน')]</arg>
<arg>${PASSWORD}</arg>
<doc>Types the given ``text`` into the text field identified by ``locator``.</doc>
<status status="PASS" start="2026-03-03T21:45:06.721800" elapsed="0.316961"/>
</kw>
<kw name="Capture Page Screenshot" owner="SeleniumLibrary">
<msg time="2026-03-03T21:45:07.219196" level="INFO" html="true">&lt;/td&gt;&lt;/tr&gt;&lt;tr&gt;&lt;td colspan="3"&gt;&lt;a href="selenium-screenshot-3.png"&gt;&lt;img src="selenium-screenshot-3.png" width="800px"&gt;&lt;/a&gt;</msg>
<doc>Takes a screenshot of the current page and embeds it into a log file.</doc>
<status status="PASS" start="2026-03-03T21:45:07.038761" elapsed="0.180435"/>
</kw>
<kw name="Click Element" owner="SeleniumLibrary">
<msg time="2026-03-03T21:45:07.224303" level="INFO">Clicking element 'xpath=//button[contains(.,'เข้าสู่ระบบ')]'.</msg>
<arg>xpath=//button[contains(.,'เข้าสู่ระบบ')]</arg>
<doc>Click the element identified by ``locator``.</doc>
<status status="PASS" start="2026-03-03T21:45:07.223288" elapsed="0.245090"/>
</kw>
<kw name="Wait Until Element Is Visible" owner="SeleniumLibrary">
<arg>xpath=//*[text()='ปรียา']</arg>
<arg>10s</arg>
<doc>Waits until the element ``locator`` is visible.</doc>
<status status="PASS" start="2026-03-03T21:45:07.492447" elapsed="0.712933"/>
</kw>
<kw name="Capture Page Screenshot" owner="SeleniumLibrary">
<msg time="2026-03-03T21:45:08.580709" level="INFO" html="true">&lt;/td&gt;&lt;/tr&gt;&lt;tr&gt;&lt;td colspan="3"&gt;&lt;a href="selenium-screenshot-4.png"&gt;&lt;img src="selenium-screenshot-4.png" width="800px"&gt;&lt;/a&gt;</msg>
<doc>Takes a screenshot of the current page and embeds it into a log file.</doc>
<status status="PASS" start="2026-03-03T21:45:08.207391" elapsed="0.373318"/>
</kw>
<status status="PASS" start="2026-03-03T21:45:06.204446" elapsed="2.384311"/>
</test>
<test id="s1-t3" name="TC-003 ตรวจสอบการแจ้งเตือนหลังอัปเดตสถานะ" line="32">
<kw name="Sleep" owner="BuiltIn">
<msg time="2026-03-03T21:45:11.622159" level="INFO">Slept 3 seconds.</msg>
<arg>3s</arg>
<doc>Pauses the test executed for the given time.</doc>
<status status="PASS" start="2026-03-03T21:45:08.621395" elapsed="3.000764"/>
</kw>
<kw name="Wait Until Element Is Visible" owner="SeleniumLibrary">
<arg>xpath=//button[.//*[name()='svg']]</arg>
<arg>15s</arg>
<doc>Waits until the element ``locator`` is visible.</doc>
<status status="PASS" start="2026-03-03T21:45:11.622159" elapsed="0.055559"/>
</kw>
<kw name="Click Element" owner="SeleniumLibrary">
<msg time="2026-03-03T21:45:11.678719" level="INFO">Clicking element 'xpath=//button[.//*[name()='svg']]'.</msg>
<arg>xpath=//button[.//*[name()='svg']]</arg>
<doc>Click the element identified by ``locator``.</doc>
<status status="PASS" start="2026-03-03T21:45:11.677718" elapsed="0.204857"/>
</kw>
<kw name="Wait Until Page Contains" owner="SeleniumLibrary">
<arg>Notification</arg>
<arg>10s</arg>
<doc>Waits until ``text`` appears on the current page.</doc>
<status status="PASS" start="2026-03-03T21:45:11.882575" elapsed="0.069020"/>
</kw>
<kw name="Wait Until Page Contains" owner="SeleniumLibrary">
<arg>Report ของคุณถูกปฏิเสธ</arg>
<arg>10s</arg>
<doc>Waits until ``text`` appears on the current page.</doc>
<status status="PASS" start="2026-03-03T21:45:11.952595" elapsed="0.256323"/>
</kw>
<kw name="Wait Until Page Contains" owner="SeleniumLibrary">
<arg>รายงานเหตุการณ์ของคุณถูกปฏิเสธโดยผู้ดูแลระบบ</arg>
<arg>10s</arg>
<doc>Waits until ``text`` appears on the current page.</doc>
<status status="PASS" start="2026-03-03T21:45:12.208918" elapsed="0.039976"/>
</kw>
<kw name="Wait Until Page Contains" owner="SeleniumLibrary">
<arg>เหตุผล: ไม่มีหลักฐานประกอบที่แนบมา ทำให้ข้อมูลไม่เพียงพอต่อการดำเนินการ</arg>
<arg>10s</arg>
<doc>Waits until ``text`` appears on the current page.</doc>
<status status="PASS" start="2026-03-03T21:45:12.248894" elapsed="0.035835"/>
</kw>
<kw name="Capture Page Screenshot" owner="SeleniumLibrary">
<msg time="2026-03-03T21:45:12.539571" level="INFO" html="true">&lt;/td&gt;&lt;/tr&gt;&lt;tr&gt;&lt;td colspan="3"&gt;&lt;a href="selenium-screenshot-5.png"&gt;&lt;img src="selenium-screenshot-5.png" width="800px"&gt;&lt;/a&gt;</msg>
<doc>Takes a screenshot of the current page and embeds it into a log file.</doc>
<status status="PASS" start="2026-03-03T21:45:12.285725" elapsed="0.253846"/>
</kw>
<kw name="Sleep" owner="BuiltIn">
<msg time="2026-03-03T21:45:22.540928" level="INFO">Slept 10 seconds.</msg>
<arg>10s</arg>
<doc>Pauses the test executed for the given time.</doc>
<status status="PASS" start="2026-03-03T21:45:12.540569" elapsed="10.000359"/>
</kw>
<status status="PASS" start="2026-03-03T21:45:08.615358" elapsed="13.926579"/>
</test>
<status status="PASS" start="2026-03-03T21:44:58.431886" elapsed="24.114623"/>
</suite>
<statistics>
<total>
<stat pass="3" fail="0" skip="0">All Tests</stat>
</total>
<tag>
</tag>
<suite>
<stat name="testPID002-006" id="s1" pass="3" fail="0" skip="0">testPID002-006</stat>
</suite>
</statistics>
<errors>
</errors>
</robot>
