<?xml version="1.0" encoding="UTF-8"?>
<robot generator="Robot 7.4.1 (Python 3.12.8 on win32)" generated="2026-03-18T19:01:45.597536" rpa="false" schemaversion="5">
<suite id="s1" name="PBI-014-003" source="C:\Users\User\Downloads\SE Sprint3\kku-software-engineering-project-painamnae\sprint-3\test\PBI-014\PBI-014-003.robot">
<test id="s1-t1" name="TC-EMG-003 Edit Contact Name Success" line="11">
<kw name="Open Browser" owner="SeleniumLibrary">
<msg time="2026-03-18T19:01:46.539578" level="INFO">Opening browser 'Chrome' to base url 'https://csse4269.cpkku.com/'.</msg>
<arg>${URL}</arg>
<arg>${BROWSER}</arg>
<doc>Opens a new browser instance to the optional ``url``.</doc>
<status status="PASS" start="2026-03-18T19:01:46.528338" elapsed="7.480705"/>
</kw>
<kw name="Maximize Browser Window" owner="SeleniumLibrary">
<doc>Maximizes current browser window.</doc>
<status status="PASS" start="2026-03-18T19:01:54.013038" elapsed="0.204649"/>
</kw>
<kw name="Capture Page Screenshot" owner="SeleniumLibrary">
<msg time="2026-03-18T19:01:54.624408" level="INFO" html="true">&lt;/td&gt;&lt;/tr&gt;&lt;tr&gt;&lt;td colspan="3"&gt;&lt;a href="selenium-screenshot-1.png"&gt;&lt;img src="selenium-screenshot-1.png" width="800px"&gt;&lt;/a&gt;</msg>
<doc>Takes a screenshot of the current page and embeds it into a log file.</doc>
<status status="PASS" start="2026-03-18T19:01:54.218687" elapsed="0.407730"/>
</kw>
<kw name="Wait Until Page Contains" owner="SeleniumLibrary">
<arg>เข้าสู่ระบบ</arg>
<arg>10s</arg>
<doc>Waits until ``text`` appears on the current page.</doc>
<status status="PASS" start="2026-03-18T19:01:54.632452" elapsed="0.066162"/>
</kw>
<kw name="Click Element" owner="SeleniumLibrary">
<msg time="2026-03-18T19:01:54.700613" level="INFO">Clicking element 'xpath=//a[contains(.,'เข้าสู่ระบบ')]'.</msg>
<arg>xpath=//a[contains(.,'เข้าสู่ระบบ')]</arg>
<doc>Click the element identified by ``locator``.</doc>
<status status="PASS" start="2026-03-18T19:01:54.699614" elapsed="0.284995"/>
</kw>
<kw name="Capture Page Screenshot" owner="SeleniumLibrary">
<msg time="2026-03-18T19:01:55.301611" level="INFO" html="true">&lt;/td&gt;&lt;/tr&gt;&lt;tr&gt;&lt;td colspan="3"&gt;&lt;a href="selenium-screenshot-2.png"&gt;&lt;img src="selenium-screenshot-2.png" width="800px"&gt;&lt;/a&gt;</msg>
<doc>Takes a screenshot of the current page and embeds it into a log file.</doc>
<status status="PASS" start="2026-03-18T19:01:54.985608" elapsed="0.316003"/>
</kw>
<kw name="Wait Until Element Is Visible" owner="SeleniumLibrary">
<arg>xpath=//input[contains(@placeholder,'อีเมล')]</arg>
<arg>15s</arg>
<doc>Waits until the element ``locator`` is visible.</doc>
<status status="PASS" start="2026-03-18T19:01:55.304613" elapsed="0.040269"/>
</kw>
<kw name="Input Text" owner="SeleniumLibrary">
<msg time="2026-03-18T19:01:55.344882" level="INFO">Typing text 'phatcharida.f@kkumail.com' into text field 'xpath=//input[contains(@placeholder,'อีเมล')]'.</msg>
<arg>xpath=//input[contains(@placeholder,'อีเมล')]</arg>
<arg>${EMAIL}</arg>
<doc>Types the given ``text`` into the text field identified by ``locator``.</doc>
<status status="PASS" start="2026-03-18T19:01:55.344882" elapsed="0.466231"/>
</kw>
<kw name="Input Text" owner="SeleniumLibrary">
<msg time="2026-03-18T19:01:55.811113" level="INFO">Typing text 'Ma123456789' into text field 'xpath=//input[contains(@placeholder,'รหัสผ่าน')]'.</msg>
<arg>xpath=//input[contains(@placeholder,'รหัสผ่าน')]</arg>
<arg>${PASSWORD}</arg>
<doc>Types the given ``text`` into the text field identified by ``locator``.</doc>
<status status="PASS" start="2026-03-18T19:01:55.811113" elapsed="0.422340"/>
</kw>
<kw name="Capture Page Screenshot" owner="SeleniumLibrary">
<msg time="2026-03-18T19:01:56.605518" level="INFO" html="true">&lt;/td&gt;&lt;/tr&gt;&lt;tr&gt;&lt;td colspan="3"&gt;&lt;a href="selenium-screenshot-3.png"&gt;&lt;img src="selenium-screenshot-3.png" width="800px"&gt;&lt;/a&gt;</msg>
<doc>Takes a screenshot of the current page and embeds it into a log file.</doc>
<status status="PASS" start="2026-03-18T19:01:56.239228" elapsed="0.366290"/>
</kw>
<kw name="Click Element" owner="SeleniumLibrary">
<msg time="2026-03-18T19:01:56.714916" level="INFO">Clicking element 'xpath=//button[contains(.,'เข้าสู่ระบบ')]'.</msg>
<arg>xpath=//button[contains(.,'เข้าสู่ระบบ')]</arg>
<doc>Click the element identified by ``locator``.</doc>
<status status="PASS" start="2026-03-18T19:01:56.714916" elapsed="0.398129"/>
</kw>
<kw name="Wait Until Element Is Visible" owner="SeleniumLibrary">
<arg>xpath=//span[contains(text(),'Phatcharida')]</arg>
<arg>15s</arg>
<doc>Waits until the element ``locator`` is visible.</doc>
<status status="PASS" start="2026-03-18T19:01:57.113045" elapsed="0.987307"/>
</kw>
<kw name="Click Element" owner="SeleniumLibrary">
<msg time="2026-03-18T19:01:58.105351" level="INFO">Clicking element 'xpath=//span[contains(text(),'Phatcharida')]'.</msg>
<arg>xpath=//span[contains(text(),'Phatcharida')]</arg>
<doc>Click the element identified by ``locator``.</doc>
<status status="PASS" start="2026-03-18T19:01:58.105351" elapsed="0.365759"/>
</kw>
<kw name="Capture Page Screenshot" owner="SeleniumLibrary">
<msg time="2026-03-18T19:01:58.896070" level="INFO" html="true">&lt;/td&gt;&lt;/tr&gt;&lt;tr&gt;&lt;td colspan="3"&gt;&lt;a href="selenium-screenshot-4.png"&gt;&lt;img src="selenium-screenshot-4.png" width="800px"&gt;&lt;/a&gt;</msg>
<doc>Takes a screenshot of the current page and embeds it into a log file.</doc>
<status status="PASS" start="2026-03-18T19:01:58.473381" elapsed="0.423679"/>
</kw>
<kw name="Wait Until Element Is Visible" owner="SeleniumLibrary">
<arg>xpath=//a[contains(.,'บัญชีของฉัน')]</arg>
<arg>10s</arg>
<doc>Waits until the element ``locator`` is visible.</doc>
<status status="PASS" start="2026-03-18T19:01:58.897060" elapsed="0.046488"/>
</kw>
<kw name="Click Element" owner="SeleniumLibrary">
<msg time="2026-03-18T19:01:58.943548" level="INFO">Clicking element 'xpath=//a[contains(.,'บัญชีของฉัน')]'.</msg>
<arg>xpath=//a[contains(.,'บัญชีของฉัน')]</arg>
<doc>Click the element identified by ``locator``.</doc>
<status status="PASS" start="2026-03-18T19:01:58.943548" elapsed="0.193780"/>
</kw>
<kw name="Capture Page Screenshot" owner="SeleniumLibrary">
<msg time="2026-03-18T19:01:59.489780" level="INFO" html="true">&lt;/td&gt;&lt;/tr&gt;&lt;tr&gt;&lt;td colspan="3"&gt;&lt;a href="selenium-screenshot-5.png"&gt;&lt;img src="selenium-screenshot-5.png" width="800px"&gt;&lt;/a&gt;</msg>
<doc>Takes a screenshot of the current page and embeds it into a log file.</doc>
<status status="PASS" start="2026-03-18T19:01:59.138327" elapsed="0.351453"/>
</kw>
<kw name="Wait Until Element Is Visible" owner="SeleniumLibrary">
<arg>xpath=//a[contains(.,'ผู้ติดต่อฉุกเฉิน')]</arg>
<arg>10s</arg>
<doc>Waits until the element ``locator`` is visible.</doc>
<status status="PASS" start="2026-03-18T19:01:59.494781" elapsed="0.084195"/>
</kw>
<kw name="Click Element" owner="SeleniumLibrary">
<msg time="2026-03-18T19:01:59.583002" level="INFO">Clicking element 'xpath=//a[contains(.,'ผู้ติดต่อฉุกเฉิน')]'.</msg>
<arg>xpath=//a[contains(.,'ผู้ติดต่อฉุกเฉิน')]</arg>
<doc>Click the element identified by ``locator``.</doc>
<status status="PASS" start="2026-03-18T19:01:59.583002" elapsed="0.170119"/>
</kw>
<kw name="Wait Until Page Contains" owner="SeleniumLibrary">
<arg>ผู้ติดต่อฉุกเฉิน</arg>
<arg>15s</arg>
<doc>Waits until ``text`` appears on the current page.</doc>
<status status="PASS" start="2026-03-18T19:01:59.753121" elapsed="0.155071"/>
</kw>
<kw name="Execute Javascript" owner="SeleniumLibrary">
<msg time="2026-03-18T19:01:59.911164" level="INFO">Executing JavaScript:
var el = document.querySelector('div.overflow-x-auto'); if (el) { el.scrollLeft = el.scrollWidth; }
Without any arguments.</msg>
<arg>var el = document.querySelector('div.overflow-x-auto'); if (el) { el.scrollLeft = el.scrollWidth; }</arg>
<doc>Executes the given JavaScript code with possible arguments.</doc>
<status status="PASS" start="2026-03-18T19:01:59.908192" elapsed="0.017675"/>
</kw>
<kw name="Capture Page Screenshot" owner="SeleniumLibrary">
<msg time="2026-03-18T19:02:00.285464" level="INFO" html="true">&lt;/td&gt;&lt;/tr&gt;&lt;tr&gt;&lt;td colspan="3"&gt;&lt;a href="selenium-screenshot-6.png"&gt;&lt;img src="selenium-screenshot-6.png" width="800px"&gt;&lt;/a&gt;</msg>
<doc>Takes a screenshot of the current page and embeds it into a log file.</doc>
<status status="PASS" start="2026-03-18T19:01:59.939618" elapsed="0.345846"/>
</kw>
<kw name="Sleep" owner="BuiltIn">
<msg time="2026-03-18T19:02:01.290985" level="INFO">Slept 1 second.</msg>
<arg>1s</arg>
<doc>Pauses the test executed for the given time.</doc>
<status status="PASS" start="2026-03-18T19:02:00.290464" elapsed="1.000521"/>
</kw>
<kw name="Click Element" owner="SeleniumLibrary">
<msg time="2026-03-18T19:02:01.294737" level="INFO">Clicking element 'xpath=//*[contains(text(),'เกศา กฤติขจร')]/ancestor::tr//button[2]'.</msg>
<arg>xpath=//*[contains(text(),'เกศา กฤติขจร')]/ancestor::tr//button[2]</arg>
<doc>Click the element identified by ``locator``.</doc>
<status status="PASS" start="2026-03-18T19:02:01.290985" elapsed="0.326061"/>
</kw>
<kw name="Capture Page Screenshot" owner="SeleniumLibrary">
<msg time="2026-03-18T19:02:01.816172" level="INFO" html="true">&lt;/td&gt;&lt;/tr&gt;&lt;tr&gt;&lt;td colspan="3"&gt;&lt;a href="selenium-screenshot-7.png"&gt;&lt;img src="selenium-screenshot-7.png" width="800px"&gt;&lt;/a&gt;</msg>
<doc>Takes a screenshot of the current page and embeds it into a log file.</doc>
<status status="PASS" start="2026-03-18T19:02:01.626112" elapsed="0.190060"/>
</kw>
<kw name="Wait Until Element Is Visible" owner="SeleniumLibrary">
<arg>xpath=//input[contains(@placeholder,'ชื่อ')]</arg>
<arg>10s</arg>
<doc>Waits until the element ``locator`` is visible.</doc>
<status status="PASS" start="2026-03-18T19:02:01.817170" elapsed="0.047079"/>
</kw>
<kw name="Clear Element Text" owner="SeleniumLibrary">
<arg>xpath=//input[contains(@placeholder,'ชื่อ')]</arg>
<doc>Clears the value of the text-input-element identified by ``locator``.</doc>
<status status="PASS" start="2026-03-18T19:02:01.866252" elapsed="0.170232"/>
</kw>
<kw name="Input Text" owner="SeleniumLibrary">
<msg time="2026-03-18T19:02:02.036484" level="INFO">Typing text 'เกศรา กฤติขจร' into text field 'xpath=//input[contains(@placeholder,'ชื่อ')]'.</msg>
<arg>xpath=//input[contains(@placeholder,'ชื่อ')]</arg>
<arg>เกศรา กฤติขจร</arg>
<doc>Types the given ``text`` into the text field identified by ``locator``.</doc>
<status status="PASS" start="2026-03-18T19:02:02.036484" elapsed="0.316457"/>
</kw>
<kw name="Capture Page Screenshot" owner="SeleniumLibrary">
<msg time="2026-03-18T19:02:02.564640" level="INFO" html="true">&lt;/td&gt;&lt;/tr&gt;&lt;tr&gt;&lt;td colspan="3"&gt;&lt;a href="selenium-screenshot-8.png"&gt;&lt;img src="selenium-screenshot-8.png" width="800px"&gt;&lt;/a&gt;</msg>
<doc>Takes a screenshot of the current page and embeds it into a log file.</doc>
<status status="PASS" start="2026-03-18T19:02:02.352941" elapsed="0.212755"/>
</kw>
<kw name="Wait Until Element Is Visible" owner="SeleniumLibrary">
<arg>xpath=//button[contains(.,'บันทึก')]</arg>
<arg>10s</arg>
<doc>Waits until the element ``locator`` is visible.</doc>
<status status="PASS" start="2026-03-18T19:02:02.568639" elapsed="0.055968"/>
</kw>
<kw name="Click Element" owner="SeleniumLibrary">
<msg time="2026-03-18T19:02:02.624607" level="INFO">Clicking element 'xpath=//button[contains(.,'บันทึก')]'.</msg>
<arg>xpath=//button[contains(.,'บันทึก')]</arg>
<doc>Click the element identified by ``locator``.</doc>
<status status="PASS" start="2026-03-18T19:02:02.624607" elapsed="0.140610"/>
</kw>
<kw name="Capture Page Screenshot" owner="SeleniumLibrary">
<msg time="2026-03-18T19:02:03.180840" level="INFO" html="true">&lt;/td&gt;&lt;/tr&gt;&lt;tr&gt;&lt;td colspan="3"&gt;&lt;a href="selenium-screenshot-9.png"&gt;&lt;img src="selenium-screenshot-9.png" width="800px"&gt;&lt;/a&gt;</msg>
<doc>Takes a screenshot of the current page and embeds it into a log file.</doc>
<status status="PASS" start="2026-03-18T19:02:02.765217" elapsed="0.415623"/>
</kw>
<kw name="Wait Until Page Contains" owner="SeleniumLibrary">
<arg>แก้ไขผู้ติดต่อสำเร็จ</arg>
<arg>15s</arg>
<doc>Waits until ``text`` appears on the current page.</doc>
<status status="PASS" start="2026-03-18T19:02:03.295290" elapsed="0.231581"/>
</kw>
<kw name="Wait Until Page Contains" owner="SeleniumLibrary">
<arg>เกศรา กฤติขจร</arg>
<arg>15s</arg>
<doc>Waits until ``text`` appears on the current page.</doc>
<status status="PASS" start="2026-03-18T19:02:03.558139" elapsed="0.526796"/>
</kw>
<kw name="Page Should Contain" owner="SeleniumLibrary">
<msg time="2026-03-18T19:02:04.327192" level="INFO">Current page contains text 'เกศรา กฤติขจร'.</msg>
<arg>เกศรา กฤติขจร</arg>
<doc>Verifies that current page contains ``text``.</doc>
<status status="PASS" start="2026-03-18T19:02:04.109260" elapsed="0.217932"/>
</kw>
<kw name="Capture Page Screenshot" owner="SeleniumLibrary">
<msg time="2026-03-18T19:02:04.696029" level="INFO" html="true">&lt;/td&gt;&lt;/tr&gt;&lt;tr&gt;&lt;td colspan="3"&gt;&lt;a href="selenium-screenshot-10.png"&gt;&lt;img src="selenium-screenshot-10.png" width="800px"&gt;&lt;/a&gt;</msg>
<doc>Takes a screenshot of the current page and embeds it into a log file.</doc>
<status status="PASS" start="2026-03-18T19:02:04.330961" elapsed="0.365068"/>
</kw>
<kw name="Close Browser" owner="SeleniumLibrary">
<doc>Closes the current browser.</doc>
<status status="PASS" start="2026-03-18T19:02:04.707849" elapsed="4.323734"/>
</kw>
<status status="PASS" start="2026-03-18T19:01:46.528338" elapsed="22.503245"/>
</test>
<test id="s1-t2" name="TC-EMG-004 Edit Relationship" line="77">
<kw name="Open Browser" owner="SeleniumLibrary">
<msg time="2026-03-18T19:02:09.036954" level="INFO">Opening browser 'Chrome' to base url 'https://csse4269.cpkku.com/'.</msg>
<arg>${URL}</arg>
<arg>${BROWSER}</arg>
<doc>Opens a new browser instance to the optional ``url``.</doc>
<status status="PASS" start="2026-03-18T19:02:09.036954" elapsed="4.055884"/>
</kw>
<kw name="Maximize Browser Window" owner="SeleniumLibrary">
<doc>Maximizes current browser window.</doc>
<status status="PASS" start="2026-03-18T19:02:13.096870" elapsed="0.230222"/>
</kw>
<kw name="Capture Page Screenshot" owner="SeleniumLibrary">
<msg time="2026-03-18T19:02:13.743801" level="INFO" html="true">&lt;/td&gt;&lt;/tr&gt;&lt;tr&gt;&lt;td colspan="3"&gt;&lt;a href="selenium-screenshot-11.png"&gt;&lt;img src="selenium-screenshot-11.png" width="800px"&gt;&lt;/a&gt;</msg>
<doc>Takes a screenshot of the current page and embeds it into a log file.</doc>
<status status="PASS" start="2026-03-18T19:02:13.333139" elapsed="0.412673"/>
</kw>
<kw name="Wait Until Page Contains" owner="SeleniumLibrary">
<arg>เข้าสู่ระบบ</arg>
<arg>10s</arg>
<doc>Waits until ``text`` appears on the current page.</doc>
<status status="PASS" start="2026-03-18T19:02:13.757628" elapsed="0.068548"/>
</kw>
<kw name="Click Element" owner="SeleniumLibrary">
<msg time="2026-03-18T19:02:13.830199" level="INFO">Clicking element 'xpath=//a[contains(.,'เข้าสู่ระบบ')]'.</msg>
<arg>xpath=//a[contains(.,'เข้าสู่ระบบ')]</arg>
<doc>Click the element identified by ``locator``.</doc>
<status status="PASS" start="2026-03-18T19:02:13.830199" elapsed="0.271623"/>
</kw>
<kw name="Capture Page Screenshot" owner="SeleniumLibrary">
<msg time="2026-03-18T19:02:14.507908" level="INFO" html="true">&lt;/td&gt;&lt;/tr&gt;&lt;tr&gt;&lt;td colspan="3"&gt;&lt;a href="selenium-screenshot-12.png"&gt;&lt;img src="selenium-screenshot-12.png" width="800px"&gt;&lt;/a&gt;</msg>
<doc>Takes a screenshot of the current page and embeds it into a log file.</doc>
<status status="PASS" start="2026-03-18T19:02:14.104278" elapsed="0.403630"/>
</kw>
<kw name="Wait Until Element Is Visible" owner="SeleniumLibrary">
<arg>xpath=//input[contains(@placeholder,'อีเมล')]</arg>
<arg>15s</arg>
<doc>Waits until the element ``locator`` is visible.</doc>
<status status="PASS" start="2026-03-18T19:02:14.509918" elapsed="0.043684"/>
</kw>
<kw name="Input Text" owner="SeleniumLibrary">
<msg time="2026-03-18T19:02:14.555616" level="INFO">Typing text 'phatcharida.f@kkumail.com' into text field 'xpath=//input[contains(@placeholder,'อีเมล')]'.</msg>
<arg>xpath=//input[contains(@placeholder,'อีเมล')]</arg>
<arg>${EMAIL}</arg>
<doc>Types the given ``text`` into the text field identified by ``locator``.</doc>
<status status="PASS" start="2026-03-18T19:02:14.555616" elapsed="0.822499"/>
</kw>
<kw name="Input Text" owner="SeleniumLibrary">
<msg time="2026-03-18T19:02:15.398306" level="INFO">Typing text 'Ma123456789' into text field 'xpath=//input[contains(@placeholder,'รหัสผ่าน')]'.</msg>
<arg>xpath=//input[contains(@placeholder,'รหัสผ่าน')]</arg>
<arg>${PASSWORD}</arg>
<doc>Types the given ``text`` into the text field identified by ``locator``.</doc>
<status status="PASS" start="2026-03-18T19:02:15.398306" elapsed="0.561488"/>
</kw>
<kw name="Capture Page Screenshot" owner="SeleniumLibrary">
<msg time="2026-03-18T19:02:16.170455" level="INFO" html="true">&lt;/td&gt;&lt;/tr&gt;&lt;tr&gt;&lt;td colspan="3"&gt;&lt;a href="selenium-screenshot-13.png"&gt;&lt;img src="selenium-screenshot-13.png" width="800px"&gt;&lt;/a&gt;</msg>
<doc>Takes a screenshot of the current page and embeds it into a log file.</doc>
<status status="PASS" start="2026-03-18T19:02:15.967815" elapsed="0.203641"/>
</kw>
<kw name="Click Element" owner="SeleniumLibrary">
<msg time="2026-03-18T19:02:16.178455" level="INFO">Clicking element 'xpath=//button[contains(.,'เข้าสู่ระบบ')]'.</msg>
<arg>xpath=//button[contains(.,'เข้าสู่ระบบ')]</arg>
<doc>Click the element identified by ``locator``.</doc>
<status status="PASS" start="2026-03-18T19:02:16.177454" elapsed="0.299398"/>
</kw>
<kw name="Wait Until Element Is Visible" owner="SeleniumLibrary">
<arg>xpath=//span[contains(text(),'Phatcharida')]</arg>
<arg>15s</arg>
<doc>Waits until the element ``locator`` is visible.</doc>
<status status="PASS" start="2026-03-18T19:02:16.476852" elapsed="0.689655"/>
</kw>
<kw name="Click Element" owner="SeleniumLibrary">
<msg time="2026-03-18T19:02:17.167508" level="INFO">Clicking element 'xpath=//span[contains(text(),'Phatcharida')]'.</msg>
<arg>xpath=//span[contains(text(),'Phatcharida')]</arg>
<doc>Click the element identified by ``locator``.</doc>
<status status="PASS" start="2026-03-18T19:02:17.167508" elapsed="0.158691"/>
</kw>
<kw name="Capture Page Screenshot" owner="SeleniumLibrary">
<msg time="2026-03-18T19:02:17.733689" level="INFO" html="true">&lt;/td&gt;&lt;/tr&gt;&lt;tr&gt;&lt;td colspan="3"&gt;&lt;a href="selenium-screenshot-14.png"&gt;&lt;img src="selenium-screenshot-14.png" width="800px"&gt;&lt;/a&gt;</msg>
<doc>Takes a screenshot of the current page and embeds it into a log file.</doc>
<status status="PASS" start="2026-03-18T19:02:17.331851" elapsed="0.401838"/>
</kw>
<kw name="Wait Until Element Is Visible" owner="SeleniumLibrary">
<arg>xpath=//a[contains(.,'บัญชีของฉัน')]</arg>
<arg>10s</arg>
<doc>Waits until the element ``locator`` is visible.</doc>
<status status="PASS" start="2026-03-18T19:02:17.736567" elapsed="0.034826"/>
</kw>
<kw name="Click Element" owner="SeleniumLibrary">
<msg time="2026-03-18T19:02:17.771393" level="INFO">Clicking element 'xpath=//a[contains(.,'บัญชีของฉัน')]'.</msg>
<arg>xpath=//a[contains(.,'บัญชีของฉัน')]</arg>
<doc>Click the element identified by ``locator``.</doc>
<status status="PASS" start="2026-03-18T19:02:17.771393" elapsed="0.204923"/>
</kw>
<kw name="Capture Page Screenshot" owner="SeleniumLibrary">
<msg time="2026-03-18T19:02:18.387476" level="INFO" html="true">&lt;/td&gt;&lt;/tr&gt;&lt;tr&gt;&lt;td colspan="3"&gt;&lt;a href="selenium-screenshot-15.png"&gt;&lt;img src="selenium-screenshot-15.png" width="800px"&gt;&lt;/a&gt;</msg>
<doc>Takes a screenshot of the current page and embeds it into a log file.</doc>
<status status="PASS" start="2026-03-18T19:02:17.976316" elapsed="0.411160"/>
</kw>
<kw name="Wait Until Element Is Visible" owner="SeleniumLibrary">
<arg>xpath=//a[contains(.,'ผู้ติดต่อฉุกเฉิน')]</arg>
<arg>10s</arg>
<doc>Waits until the element ``locator`` is visible.</doc>
<status status="PASS" start="2026-03-18T19:02:18.391476" elapsed="0.076284"/>
</kw>
<kw name="Click Element" owner="SeleniumLibrary">
<msg time="2026-03-18T19:02:18.469775" level="INFO">Clicking element 'xpath=//a[contains(.,'ผู้ติดต่อฉุกเฉิน')]'.</msg>
<arg>xpath=//a[contains(.,'ผู้ติดต่อฉุกเฉิน')]</arg>
<doc>Click the element identified by ``locator``.</doc>
<status status="PASS" start="2026-03-18T19:02:18.469775" elapsed="0.155206"/>
</kw>
<kw name="Capture Page Screenshot" owner="SeleniumLibrary">
<msg time="2026-03-18T19:02:19.041498" level="INFO" html="true">&lt;/td&gt;&lt;/tr&gt;&lt;tr&gt;&lt;td colspan="3"&gt;&lt;a href="selenium-screenshot-16.png"&gt;&lt;img src="selenium-screenshot-16.png" width="800px"&gt;&lt;/a&gt;</msg>
<doc>Takes a screenshot of the current page and embeds it into a log file.</doc>
<status status="PASS" start="2026-03-18T19:02:18.625977" elapsed="0.415521"/>
</kw>
<kw name="Wait Until Page Contains" owner="SeleniumLibrary">
<arg>ผู้ติดต่อฉุกเฉิน</arg>
<arg>15s</arg>
<doc>Waits until ``text`` appears on the current page.</doc>
<status status="PASS" start="2026-03-18T19:02:19.049121" elapsed="0.040161"/>
</kw>
<kw name="Execute Javascript" owner="SeleniumLibrary">
<msg time="2026-03-18T19:02:19.091284" level="INFO">Executing JavaScript:
var el = document.querySelector('div.overflow-x-auto'); if (el) { el.scrollLeft = el.scrollWidth; }
Without any arguments.</msg>
<arg>var el = document.querySelector('div.overflow-x-auto'); if (el) { el.scrollLeft = el.scrollWidth; }</arg>
<doc>Executes the given JavaScript code with possible arguments.</doc>
<status status="PASS" start="2026-03-18T19:02:19.090286" elapsed="0.017890"/>
</kw>
<kw name="Capture Page Screenshot" owner="SeleniumLibrary">
<msg time="2026-03-18T19:02:19.329640" level="INFO" html="true">&lt;/td&gt;&lt;/tr&gt;&lt;tr&gt;&lt;td colspan="3"&gt;&lt;a href="selenium-screenshot-17.png"&gt;&lt;img src="selenium-screenshot-17.png" width="800px"&gt;&lt;/a&gt;</msg>
<doc>Takes a screenshot of the current page and embeds it into a log file.</doc>
<status status="PASS" start="2026-03-18T19:02:19.108176" elapsed="0.222458"/>
</kw>
<kw name="Sleep" owner="BuiltIn">
<msg time="2026-03-18T19:02:20.332224" level="INFO">Slept 1 second.</msg>
<arg>1s</arg>
<doc>Pauses the test executed for the given time.</doc>
<status status="PASS" start="2026-03-18T19:02:19.330634" elapsed="1.001590"/>
</kw>
<kw name="Click Element" owner="SeleniumLibrary">
<msg time="2026-03-18T19:02:20.332224" level="INFO">Clicking element 'xpath=//*[contains(text(),'พิมพ์อักษร สารถ')]/ancestor::tr//button[2]'.</msg>
<arg>xpath=//*[contains(text(),'พิมพ์อักษร สารถ')]/ancestor::tr//button[2]</arg>
<doc>Click the element identified by ``locator``.</doc>
<status status="PASS" start="2026-03-18T19:02:20.332224" elapsed="0.240060"/>
</kw>
<kw name="Capture Page Screenshot" owner="SeleniumLibrary">
<msg time="2026-03-18T19:02:20.764985" level="INFO" html="true">&lt;/td&gt;&lt;/tr&gt;&lt;tr&gt;&lt;td colspan="3"&gt;&lt;a href="selenium-screenshot-18.png"&gt;&lt;img src="selenium-screenshot-18.png" width="800px"&gt;&lt;/a&gt;</msg>
<doc>Takes a screenshot of the current page and embeds it into a log file.</doc>
<status status="PASS" start="2026-03-18T19:02:20.578211" elapsed="0.187772"/>
</kw>
<kw name="Click Element" owner="SeleniumLibrary">
<msg time="2026-03-18T19:02:20.766984" level="INFO">Clicking element 'xpath=//label[contains(text(),'ความสัมพันธ์')]/following::*[1]'.</msg>
<arg>xpath=//label[contains(text(),'ความสัมพันธ์')]/following::*[1]</arg>
<doc>Click the element identified by ``locator``.</doc>
<status status="PASS" start="2026-03-18T19:02:20.765983" elapsed="0.303075"/>
</kw>
<kw name="Wait Until Element Is Visible" owner="SeleniumLibrary">
<arg>xpath=//*[text()='น้อง']</arg>
<arg>10s</arg>
<doc>Waits until the element ``locator`` is visible.</doc>
<status status="PASS" start="2026-03-18T19:02:21.070055" elapsed="0.077489"/>
</kw>
<kw name="Wait Until Element Is Visible" owner="SeleniumLibrary">
<arg>xpath=//label[contains(text(),'ความสัมพันธ์')]/following::select[1]</arg>
<arg>10s</arg>
<doc>Waits until the element ``locator`` is visible.</doc>
<status status="PASS" start="2026-03-18T19:02:21.147544" elapsed="0.066406"/>
</kw>
<kw name="Select From List By Label" owner="SeleniumLibrary">
<msg time="2026-03-18T19:02:21.214950" level="INFO">Selecting options from selection list 'xpath=//label[contains(text(),'ความสัมพันธ์')]/following::select[1]' by label น้อง.</msg>
<arg>xpath=//label[contains(text(),'ความสัมพันธ์')]/following::select[1]</arg>
<arg>น้อง</arg>
<doc>Selects options from selection list ``locator`` by ``labels``.</doc>
<status status="PASS" start="2026-03-18T19:02:21.214950" elapsed="0.348998"/>
</kw>
<kw name="Capture Page Screenshot" owner="SeleniumLibrary">
<msg time="2026-03-18T19:02:21.744822" level="INFO" html="true">&lt;/td&gt;&lt;/tr&gt;&lt;tr&gt;&lt;td colspan="3"&gt;&lt;a href="selenium-screenshot-19.png"&gt;&lt;img src="selenium-screenshot-19.png" width="800px"&gt;&lt;/a&gt;</msg>
<doc>Takes a screenshot of the current page and embeds it into a log file.</doc>
<status status="PASS" start="2026-03-18T19:02:21.565960" elapsed="0.178862"/>
</kw>
<kw name="Wait Until Element Is Visible" owner="SeleniumLibrary">
<arg>xpath=//button[contains(.,'บันทึก')]</arg>
<arg>10s</arg>
<doc>Waits until the element ``locator`` is visible.</doc>
<status status="PASS" start="2026-03-18T19:02:21.745823" elapsed="0.048929"/>
</kw>
<kw name="Click Element" owner="SeleniumLibrary">
<msg time="2026-03-18T19:02:21.795749" level="INFO">Clicking element 'xpath=//button[contains(.,'บันทึก')]'.</msg>
<arg>xpath=//button[contains(.,'บันทึก')]</arg>
<doc>Click the element identified by ``locator``.</doc>
<status status="PASS" start="2026-03-18T19:02:21.795749" elapsed="0.198573"/>
</kw>
<kw name="Capture Page Screenshot" owner="SeleniumLibrary">
<msg time="2026-03-18T19:02:22.263965" level="INFO" html="true">&lt;/td&gt;&lt;/tr&gt;&lt;tr&gt;&lt;td colspan="3"&gt;&lt;a href="selenium-screenshot-20.png"&gt;&lt;img src="selenium-screenshot-20.png" width="800px"&gt;&lt;/a&gt;</msg>
<doc>Takes a screenshot of the current page and embeds it into a log file.</doc>
<status status="PASS" start="2026-03-18T19:02:21.996320" elapsed="0.267645"/>
</kw>
<kw name="Wait Until Page Contains" owner="SeleniumLibrary">
<arg>แก้ไขผู้ติดต่อสำเร็จ</arg>
<arg>15s</arg>
<doc>Waits until ``text`` appears on the current page.</doc>
<status status="PASS" start="2026-03-18T19:02:22.265968" elapsed="0.069964"/>
</kw>
<kw name="Wait Until Page Contains" owner="SeleniumLibrary">
<arg>พิมพ์อักษร สารถ</arg>
<arg>15s</arg>
<doc>Waits until ``text`` appears on the current page.</doc>
<status status="PASS" start="2026-03-18T19:02:22.347096" elapsed="0.111863"/>
</kw>
<kw name="Page Should Contain" owner="SeleniumLibrary">
<msg time="2026-03-18T19:02:22.584074" level="INFO">Current page contains text 'พิมพ์อักษร สารถ'.</msg>
<arg>พิมพ์อักษร สารถ</arg>
<doc>Verifies that current page contains ``text``.</doc>
<status status="PASS" start="2026-03-18T19:02:22.467193" elapsed="0.116881"/>
</kw>
<kw name="Capture Page Screenshot" owner="SeleniumLibrary">
<msg time="2026-03-18T19:02:22.847436" level="INFO" html="true">&lt;/td&gt;&lt;/tr&gt;&lt;tr&gt;&lt;td colspan="3"&gt;&lt;a href="selenium-screenshot-21.png"&gt;&lt;img src="selenium-screenshot-21.png" width="800px"&gt;&lt;/a&gt;</msg>
<doc>Takes a screenshot of the current page and embeds it into a log file.</doc>
<status status="PASS" start="2026-03-18T19:02:22.595923" elapsed="0.251513"/>
</kw>
<kw name="Close Browser" owner="SeleniumLibrary">
<doc>Closes the current browser.</doc>
<status status="PASS" start="2026-03-18T19:02:22.855233" elapsed="4.371247"/>
</kw>
<status status="PASS" start="2026-03-18T19:02:09.036954" elapsed="18.190522"/>
</test>
<test id="s1-t3" name="TC-EMG-005 Edit PhoneNumber" line="147">
<kw name="Open Browser" owner="SeleniumLibrary">
<msg time="2026-03-18T19:02:27.231014" level="INFO">Opening browser 'Chrome' to base url 'https://csse4269.cpkku.com/'.</msg>
<arg>${URL}</arg>
<arg>${BROWSER}</arg>
<doc>Opens a new browser instance to the optional ``url``.</doc>
<status status="PASS" start="2026-03-18T19:02:27.231014" elapsed="4.004127"/>
</kw>
<kw name="Maximize Browser Window" owner="SeleniumLibrary">
<doc>Maximizes current browser window.</doc>
<status status="PASS" start="2026-03-18T19:02:31.237144" elapsed="0.197550"/>
</kw>
<kw name="Capture Page Screenshot" owner="SeleniumLibrary">
<msg time="2026-03-18T19:02:31.832109" level="INFO" html="true">&lt;/td&gt;&lt;/tr&gt;&lt;tr&gt;&lt;td colspan="3"&gt;&lt;a href="selenium-screenshot-22.png"&gt;&lt;img src="selenium-screenshot-22.png" width="800px"&gt;&lt;/a&gt;</msg>
<doc>Takes a screenshot of the current page and embeds it into a log file.</doc>
<status status="PASS" start="2026-03-18T19:02:31.439835" elapsed="0.392274"/>
</kw>
<kw name="Wait Until Page Contains" owner="SeleniumLibrary">
<arg>เข้าสู่ระบบ</arg>
<arg>10s</arg>
<doc>Waits until ``text`` appears on the current page.</doc>
<status status="PASS" start="2026-03-18T19:02:31.835878" elapsed="0.081065"/>
</kw>
<kw name="Click Element" owner="SeleniumLibrary">
<msg time="2026-03-18T19:02:31.921340" level="INFO">Clicking element 'xpath=//a[contains(.,'เข้าสู่ระบบ')]'.</msg>
<arg>xpath=//a[contains(.,'เข้าสู่ระบบ')]</arg>
<doc>Click the element identified by ``locator``.</doc>
<status status="PASS" start="2026-03-18T19:02:31.921340" elapsed="0.298147"/>
</kw>
<kw name="Capture Page Screenshot" owner="SeleniumLibrary">
<msg time="2026-03-18T19:02:32.628175" level="INFO" html="true">&lt;/td&gt;&lt;/tr&gt;&lt;tr&gt;&lt;td colspan="3"&gt;&lt;a href="selenium-screenshot-23.png"&gt;&lt;img src="selenium-screenshot-23.png" width="800px"&gt;&lt;/a&gt;</msg>
<doc>Takes a screenshot of the current page and embeds it into a log file.</doc>
<status status="PASS" start="2026-03-18T19:02:32.219487" elapsed="0.408688"/>
</kw>
<kw name="Wait Until Element Is Visible" owner="SeleniumLibrary">
<arg>xpath=//input[contains(@placeholder,'อีเมล')]</arg>
<arg>15s</arg>
<doc>Waits until the element ``locator`` is visible.</doc>
<status status="PASS" start="2026-03-18T19:02:32.637601" elapsed="0.067708"/>
</kw>
<kw name="Input Text" owner="SeleniumLibrary">
<msg time="2026-03-18T19:02:32.707322" level="INFO">Typing text 'phatcharida.f@kkumail.com' into text field 'xpath=//input[contains(@placeholder,'อีเมล')]'.</msg>
<arg>xpath=//input[contains(@placeholder,'อีเมล')]</arg>
<arg>${EMAIL}</arg>
<doc>Types the given ``text`` into the text field identified by ``locator``.</doc>
<status status="PASS" start="2026-03-18T19:02:32.705309" elapsed="1.191054"/>
</kw>
<kw name="Input Text" owner="SeleniumLibrary">
<msg time="2026-03-18T19:02:33.898378" level="INFO">Typing text 'Ma123456789' into text field 'xpath=//input[contains(@placeholder,'รหัสผ่าน')]'.</msg>
<arg>xpath=//input[contains(@placeholder,'รหัสผ่าน')]</arg>
<arg>${PASSWORD}</arg>
<doc>Types the given ``text`` into the text field identified by ``locator``.</doc>
<status status="PASS" start="2026-03-18T19:02:33.898378" elapsed="0.294055"/>
</kw>
<kw name="Capture Page Screenshot" owner="SeleniumLibrary">
<msg time="2026-03-18T19:02:34.359171" level="INFO" html="true">&lt;/td&gt;&lt;/tr&gt;&lt;tr&gt;&lt;td colspan="3"&gt;&lt;a href="selenium-screenshot-24.png"&gt;&lt;img src="selenium-screenshot-24.png" width="800px"&gt;&lt;/a&gt;</msg>
<doc>Takes a screenshot of the current page and embeds it into a log file.</doc>
<status status="PASS" start="2026-03-18T19:02:34.194447" elapsed="0.164724"/>
</kw>
<kw name="Click Element" owner="SeleniumLibrary">
<msg time="2026-03-18T19:02:34.361182" level="INFO">Clicking element 'xpath=//button[contains(.,'เข้าสู่ระบบ')]'.</msg>
<arg>xpath=//button[contains(.,'เข้าสู่ระบบ')]</arg>
<doc>Click the element identified by ``locator``.</doc>
<status status="PASS" start="2026-03-18T19:02:34.361182" elapsed="0.211623"/>
</kw>
<kw name="Wait Until Element Is Visible" owner="SeleniumLibrary">
<arg>xpath=//span[contains(text(),'Phatcharida')]</arg>
<arg>15s</arg>
<doc>Waits until the element ``locator`` is visible.</doc>
<status status="PASS" start="2026-03-18T19:02:34.591125" elapsed="0.662442"/>
</kw>
<kw name="Click Element" owner="SeleniumLibrary">
<msg time="2026-03-18T19:02:35.254449" level="INFO">Clicking element 'xpath=//span[contains(text(),'Phatcharida')]'.</msg>
<arg>xpath=//span[contains(text(),'Phatcharida')]</arg>
<doc>Click the element identified by ``locator``.</doc>
<status status="PASS" start="2026-03-18T19:02:35.254449" elapsed="0.172852"/>
</kw>
<kw name="Capture Page Screenshot" owner="SeleniumLibrary">
<msg time="2026-03-18T19:02:35.860674" level="INFO" html="true">&lt;/td&gt;&lt;/tr&gt;&lt;tr&gt;&lt;td colspan="3"&gt;&lt;a href="selenium-screenshot-25.png"&gt;&lt;img src="selenium-screenshot-25.png" width="800px"&gt;&lt;/a&gt;</msg>
<doc>Takes a screenshot of the current page and embeds it into a log file.</doc>
<status status="PASS" start="2026-03-18T19:02:35.432471" elapsed="0.429201"/>
</kw>
<kw name="Wait Until Element Is Visible" owner="SeleniumLibrary">
<arg>xpath=//a[contains(.,'บัญชีของฉัน')]</arg>
<arg>10s</arg>
<doc>Waits until the element ``locator`` is visible.</doc>
<status status="PASS" start="2026-03-18T19:02:35.862671" elapsed="0.025948"/>
</kw>
<kw name="Click Element" owner="SeleniumLibrary">
<msg time="2026-03-18T19:02:35.888619" level="INFO">Clicking element 'xpath=//a[contains(.,'บัญชีของฉัน')]'.</msg>
<arg>xpath=//a[contains(.,'บัญชีของฉัน')]</arg>
<doc>Click the element identified by ``locator``.</doc>
<status status="PASS" start="2026-03-18T19:02:35.888619" elapsed="0.219251"/>
</kw>
<kw name="Capture Page Screenshot" owner="SeleniumLibrary">
<msg time="2026-03-18T19:02:36.524632" level="INFO" html="true">&lt;/td&gt;&lt;/tr&gt;&lt;tr&gt;&lt;td colspan="3"&gt;&lt;a href="selenium-screenshot-26.png"&gt;&lt;img src="selenium-screenshot-26.png" width="800px"&gt;&lt;/a&gt;</msg>
<doc>Takes a screenshot of the current page and embeds it into a log file.</doc>
<status status="PASS" start="2026-03-18T19:02:36.107870" elapsed="0.416762"/>
</kw>
<kw name="Wait Until Element Is Visible" owner="SeleniumLibrary">
<arg>xpath=//a[contains(.,'ผู้ติดต่อฉุกเฉิน')]</arg>
<arg>10s</arg>
<doc>Waits until the element ``locator`` is visible.</doc>
<status status="PASS" start="2026-03-18T19:02:36.530772" elapsed="0.090402"/>
</kw>
<kw name="Click Element" owner="SeleniumLibrary">
<msg time="2026-03-18T19:02:36.622171" level="INFO">Clicking element 'xpath=//a[contains(.,'ผู้ติดต่อฉุกเฉิน')]'.</msg>
<arg>xpath=//a[contains(.,'ผู้ติดต่อฉุกเฉิน')]</arg>
<doc>Click the element identified by ``locator``.</doc>
<status status="PASS" start="2026-03-18T19:02:36.622171" elapsed="0.203912"/>
</kw>
<kw name="Capture Page Screenshot" owner="SeleniumLibrary">
<msg time="2026-03-18T19:02:37.224041" level="INFO" html="true">&lt;/td&gt;&lt;/tr&gt;&lt;tr&gt;&lt;td colspan="3"&gt;&lt;a href="selenium-screenshot-27.png"&gt;&lt;img src="selenium-screenshot-27.png" width="800px"&gt;&lt;/a&gt;</msg>
<doc>Takes a screenshot of the current page and embeds it into a log file.</doc>
<status status="PASS" start="2026-03-18T19:02:36.827082" elapsed="0.396959"/>
</kw>
<kw name="Wait Until Page Contains" owner="SeleniumLibrary">
<arg>ผู้ติดต่อฉุกเฉิน</arg>
<arg>15s</arg>
<doc>Waits until ``text`` appears on the current page.</doc>
<status status="PASS" start="2026-03-18T19:02:37.239613" elapsed="0.131345"/>
</kw>
<kw name="Execute Javascript" owner="SeleniumLibrary">
<msg time="2026-03-18T19:02:37.372962" level="INFO">Executing JavaScript:
var el = document.querySelector('div.overflow-x-auto'); if (el) { el.scrollLeft = el.scrollWidth; }
Without any arguments.</msg>
<arg>var el = document.querySelector('div.overflow-x-auto'); if (el) { el.scrollLeft = el.scrollWidth; }</arg>
<doc>Executes the given JavaScript code with possible arguments.</doc>
<status status="PASS" start="2026-03-18T19:02:37.371962" elapsed="0.028741"/>
</kw>
<kw name="Capture Page Screenshot" owner="SeleniumLibrary">
<msg time="2026-03-18T19:02:37.681081" level="INFO" html="true">&lt;/td&gt;&lt;/tr&gt;&lt;tr&gt;&lt;td colspan="3"&gt;&lt;a href="selenium-screenshot-28.png"&gt;&lt;img src="selenium-screenshot-28.png" width="800px"&gt;&lt;/a&gt;</msg>
<doc>Takes a screenshot of the current page and embeds it into a log file.</doc>
<status status="PASS" start="2026-03-18T19:02:37.404708" elapsed="0.276373"/>
</kw>
<kw name="Sleep" owner="BuiltIn">
<msg time="2026-03-18T19:02:38.683694" level="INFO">Slept 1 second.</msg>
<arg>1s</arg>
<doc>Pauses the test executed for the given time.</doc>
<status status="PASS" start="2026-03-18T19:02:37.683082" elapsed="1.000612"/>
</kw>
<kw name="Click Element" owner="SeleniumLibrary">
<msg time="2026-03-18T19:02:38.683694" level="INFO">Clicking element 'xpath=//*[contains(text(),'รินดา พวงนาถ')]/ancestor::tr//button[2]'.</msg>
<arg>xpath=//*[contains(text(),'รินดา พวงนาถ')]/ancestor::tr//button[2]</arg>
<doc>Click the element identified by ``locator``.</doc>
<status status="PASS" start="2026-03-18T19:02:38.683694" elapsed="0.228929"/>
</kw>
<kw name="Capture Page Screenshot" owner="SeleniumLibrary">
<msg time="2026-03-18T19:02:39.112015" level="INFO" html="true">&lt;/td&gt;&lt;/tr&gt;&lt;tr&gt;&lt;td colspan="3"&gt;&lt;a href="selenium-screenshot-29.png"&gt;&lt;img src="selenium-screenshot-29.png" width="800px"&gt;&lt;/a&gt;</msg>
<doc>Takes a screenshot of the current page and embeds it into a log file.</doc>
<status status="PASS" start="2026-03-18T19:02:38.919358" elapsed="0.192657"/>
</kw>
<kw name="Wait Until Element Is Visible" owner="SeleniumLibrary">
<arg>xpath=//input[@type='tel']</arg>
<arg>10s</arg>
<doc>Waits until the element ``locator`` is visible.</doc>
<status status="PASS" start="2026-03-18T19:02:39.114016" elapsed="0.032379"/>
</kw>
<kw name="Clear Element Text" owner="SeleniumLibrary">
<arg>xpath=//input[@type='tel']</arg>
<doc>Clears the value of the text-input-element identified by ``locator``.</doc>
<status status="PASS" start="2026-03-18T19:02:39.148392" elapsed="0.191738"/>
</kw>
<kw name="Input Text" owner="SeleniumLibrary">
<msg time="2026-03-18T19:02:39.341368" level="INFO">Typing text '0653245560' into text field 'xpath=//input[@type='tel']'.</msg>
<arg>xpath=//input[@type='tel']</arg>
<arg>0653245560</arg>
<doc>Types the given ``text`` into the text field identified by ``locator``.</doc>
<status status="PASS" start="2026-03-18T19:02:39.341368" elapsed="0.281470"/>
</kw>
<kw name="Capture Page Screenshot" owner="SeleniumLibrary">
<msg time="2026-03-18T19:02:39.843159" level="INFO" html="true">&lt;/td&gt;&lt;/tr&gt;&lt;tr&gt;&lt;td colspan="3"&gt;&lt;a href="selenium-screenshot-30.png"&gt;&lt;img src="selenium-screenshot-30.png" width="800px"&gt;&lt;/a&gt;</msg>
<doc>Takes a screenshot of the current page and embeds it into a log file.</doc>
<status status="PASS" start="2026-03-18T19:02:39.625564" elapsed="0.217595"/>
</kw>
<kw name="Wait Until Element Is Visible" owner="SeleniumLibrary">
<arg>xpath=//button[contains(.,'บันทึก')]</arg>
<arg>10s</arg>
<doc>Waits until the element ``locator`` is visible.</doc>
<status status="PASS" start="2026-03-18T19:02:39.845153" elapsed="0.045774"/>
</kw>
<kw name="Click Element" owner="SeleniumLibrary">
<msg time="2026-03-18T19:02:39.890927" level="INFO">Clicking element 'xpath=//button[contains(.,'บันทึก')]'.</msg>
<arg>xpath=//button[contains(.,'บันทึก')]</arg>
<doc>Click the element identified by ``locator``.</doc>
<status status="PASS" start="2026-03-18T19:02:39.890927" elapsed="0.189793"/>
</kw>
<kw name="Capture Page Screenshot" owner="SeleniumLibrary">
<msg time="2026-03-18T19:02:40.349339" level="INFO" html="true">&lt;/td&gt;&lt;/tr&gt;&lt;tr&gt;&lt;td colspan="3"&gt;&lt;a href="selenium-screenshot-31.png"&gt;&lt;img src="selenium-screenshot-31.png" width="800px"&gt;&lt;/a&gt;</msg>
<doc>Takes a screenshot of the current page and embeds it into a log file.</doc>
<status status="PASS" start="2026-03-18T19:02:40.082731" elapsed="0.267608"/>
</kw>
<kw name="Wait Until Page Contains" owner="SeleniumLibrary">
<arg>แก้ไขผู้ติดต่อสำเร็จ</arg>
<arg>10s</arg>
<doc>Waits until ``text`` appears on the current page.</doc>
<status status="PASS" start="2026-03-18T19:02:40.363719" elapsed="0.053325"/>
</kw>
<kw name="Wait Until Page Contains" owner="SeleniumLibrary">
<arg>0653245560</arg>
<arg>15s</arg>
<doc>Waits until ``text`` appears on the current page.</doc>
<status status="PASS" start="2026-03-18T19:02:40.417044" elapsed="0.051666"/>
</kw>
<kw name="Page Should Contain" owner="SeleniumLibrary">
<msg time="2026-03-18T19:02:40.597880" level="INFO">Current page contains text '0653245560'.</msg>
<arg>0653245560</arg>
<doc>Verifies that current page contains ``text``.</doc>
<status status="PASS" start="2026-03-18T19:02:40.477391" elapsed="0.120489"/>
</kw>
<kw name="Capture Page Screenshot" owner="SeleniumLibrary">
<msg time="2026-03-18T19:02:40.911023" level="INFO" html="true">&lt;/td&gt;&lt;/tr&gt;&lt;tr&gt;&lt;td colspan="3"&gt;&lt;a href="selenium-screenshot-32.png"&gt;&lt;img src="selenium-screenshot-32.png" width="800px"&gt;&lt;/a&gt;</msg>
<doc>Takes a screenshot of the current page and embeds it into a log file.</doc>
<status status="PASS" start="2026-03-18T19:02:40.607447" elapsed="0.303576"/>
</kw>
<kw name="Close Browser" owner="SeleniumLibrary">
<doc>Closes the current browser.</doc>
<status status="PASS" start="2026-03-18T19:02:40.966495" elapsed="3.788359"/>
</kw>
<status status="PASS" start="2026-03-18T19:02:27.231014" elapsed="17.523840"/>
</test>
<test id="s1-t4" name="TC-EMG-006 Edit Email" line="213">
<kw name="Open Browser" owner="SeleniumLibrary">
<msg time="2026-03-18T19:02:44.757534" level="INFO">Opening browser 'Chrome' to base url 'https://csse4269.cpkku.com/'.</msg>
<arg>${URL}</arg>
<arg>${BROWSER}</arg>
<doc>Opens a new browser instance to the optional ``url``.</doc>
<status status="PASS" start="2026-03-18T19:02:44.757534" elapsed="4.242302"/>
</kw>
<kw name="Maximize Browser Window" owner="SeleniumLibrary">
<doc>Maximizes current browser window.</doc>
<status status="PASS" start="2026-03-18T19:02:49.013793" elapsed="0.235145"/>
</kw>
<kw name="Capture Page Screenshot" owner="SeleniumLibrary">
<msg time="2026-03-18T19:02:49.671970" level="INFO" html="true">&lt;/td&gt;&lt;/tr&gt;&lt;tr&gt;&lt;td colspan="3"&gt;&lt;a href="selenium-screenshot-33.png"&gt;&lt;img src="selenium-screenshot-33.png" width="800px"&gt;&lt;/a&gt;</msg>
<doc>Takes a screenshot of the current page and embeds it into a log file.</doc>
<status status="PASS" start="2026-03-18T19:02:49.267752" elapsed="0.404218"/>
</kw>
<kw name="Wait Until Page Contains" owner="SeleniumLibrary">
<arg>เข้าสู่ระบบ</arg>
<arg>10s</arg>
<doc>Waits until ``text`` appears on the current page.</doc>
<status status="PASS" start="2026-03-18T19:02:49.671970" elapsed="0.023925"/>
</kw>
<kw name="Click Element" owner="SeleniumLibrary">
<msg time="2026-03-18T19:02:49.701927" level="INFO">Clicking element 'xpath=//a[contains(.,'เข้าสู่ระบบ')]'.</msg>
<arg>xpath=//a[contains(.,'เข้าสู่ระบบ')]</arg>
<doc>Click the element identified by ``locator``.</doc>
<status status="PASS" start="2026-03-18T19:02:49.701927" elapsed="0.403894"/>
</kw>
<kw name="Capture Page Screenshot" owner="SeleniumLibrary">
<msg time="2026-03-18T19:02:50.534958" level="INFO" html="true">&lt;/td&gt;&lt;/tr&gt;&lt;tr&gt;&lt;td colspan="3"&gt;&lt;a href="selenium-screenshot-34.png"&gt;&lt;img src="selenium-screenshot-34.png" width="800px"&gt;&lt;/a&gt;</msg>
<doc>Takes a screenshot of the current page and embeds it into a log file.</doc>
<status status="PASS" start="2026-03-18T19:02:50.182754" elapsed="0.352204"/>
</kw>
<kw name="Wait Until Element Is Visible" owner="SeleniumLibrary">
<arg>xpath=//input[contains(@placeholder,'อีเมล')]</arg>
<arg>15s</arg>
<doc>Waits until the element ``locator`` is visible.</doc>
<status status="PASS" start="2026-03-18T19:02:50.540637" elapsed="0.103897"/>
</kw>
<kw name="Input Text" owner="SeleniumLibrary">
<msg time="2026-03-18T19:02:50.648568" level="INFO">Typing text 'phatcharida.f@kkumail.com' into text field 'xpath=//input[contains(@placeholder,'อีเมล')]'.</msg>
<arg>xpath=//input[contains(@placeholder,'อีเมล')]</arg>
<arg>${EMAIL}</arg>
<doc>Types the given ``text`` into the text field identified by ``locator``.</doc>
<status status="PASS" start="2026-03-18T19:02:50.648568" elapsed="0.778517"/>
</kw>
<kw name="Input Text" owner="SeleniumLibrary">
<msg time="2026-03-18T19:02:51.428088" level="INFO">Typing text 'Ma123456789' into text field 'xpath=//input[contains(@placeholder,'รหัสผ่าน')]'.</msg>
<arg>xpath=//input[contains(@placeholder,'รหัสผ่าน')]</arg>
<arg>${PASSWORD}</arg>
<doc>Types the given ``text`` into the text field identified by ``locator``.</doc>
<status status="PASS" start="2026-03-18T19:02:51.428088" elapsed="0.767613"/>
</kw>
<kw name="Capture Page Screenshot" owner="SeleniumLibrary">
<msg time="2026-03-18T19:02:52.436791" level="INFO" html="true">&lt;/td&gt;&lt;/tr&gt;&lt;tr&gt;&lt;td colspan="3"&gt;&lt;a href="selenium-screenshot-35.png"&gt;&lt;img src="selenium-screenshot-35.png" width="800px"&gt;&lt;/a&gt;</msg>
<doc>Takes a screenshot of the current page and embeds it into a log file.</doc>
<status status="PASS" start="2026-03-18T19:02:52.209053" elapsed="0.227738"/>
</kw>
<kw name="Click Element" owner="SeleniumLibrary">
<msg time="2026-03-18T19:02:52.441786" level="INFO">Clicking element 'xpath=//button[contains(.,'เข้าสู่ระบบ')]'.</msg>
<arg>xpath=//button[contains(.,'เข้าสู่ระบบ')]</arg>
<doc>Click the element identified by ``locator``.</doc>
<status status="PASS" start="2026-03-18T19:02:52.441786" elapsed="0.330579"/>
</kw>
<kw name="Wait Until Element Is Visible" owner="SeleniumLibrary">
<arg>xpath=//span[contains(text(),'Phatcharida')]</arg>
<arg>15s</arg>
<doc>Waits until the element ``locator`` is visible.</doc>
<status status="PASS" start="2026-03-18T19:02:52.780424" elapsed="0.676929"/>
</kw>
<kw name="Click Element" owner="SeleniumLibrary">
<msg time="2026-03-18T19:02:53.463348" level="INFO">Clicking element 'xpath=//span[contains(text(),'Phatcharida')]'.</msg>
<arg>xpath=//span[contains(text(),'Phatcharida')]</arg>
<doc>Click the element identified by ``locator``.</doc>
<status status="PASS" start="2026-03-18T19:02:53.462348" elapsed="0.211144"/>
</kw>
<kw name="Capture Page Screenshot" owner="SeleniumLibrary">
<msg time="2026-03-18T19:02:54.150345" level="INFO" html="true">&lt;/td&gt;&lt;/tr&gt;&lt;tr&gt;&lt;td colspan="3"&gt;&lt;a href="selenium-screenshot-36.png"&gt;&lt;img src="selenium-screenshot-36.png" width="800px"&gt;&lt;/a&gt;</msg>
<doc>Takes a screenshot of the current page and embeds it into a log file.</doc>
<status status="PASS" start="2026-03-18T19:02:53.673492" elapsed="0.476853"/>
</kw>
<kw name="Wait Until Element Is Visible" owner="SeleniumLibrary">
<arg>xpath=//a[contains(.,'บัญชีของฉัน')]</arg>
<arg>10s</arg>
<doc>Waits until the element ``locator`` is visible.</doc>
<status status="PASS" start="2026-03-18T19:02:54.152361" elapsed="0.049658"/>
</kw>
<kw name="Click Element" owner="SeleniumLibrary">
<msg time="2026-03-18T19:02:54.202019" level="INFO">Clicking element 'xpath=//a[contains(.,'บัญชีของฉัน')]'.</msg>
<arg>xpath=//a[contains(.,'บัญชีของฉัน')]</arg>
<doc>Click the element identified by ``locator``.</doc>
<status status="PASS" start="2026-03-18T19:02:54.202019" elapsed="0.208816"/>
</kw>
<kw name="Capture Page Screenshot" owner="SeleniumLibrary">
<msg time="2026-03-18T19:02:54.876920" level="INFO" html="true">&lt;/td&gt;&lt;/tr&gt;&lt;tr&gt;&lt;td colspan="3"&gt;&lt;a href="selenium-screenshot-37.png"&gt;&lt;img src="selenium-screenshot-37.png" width="800px"&gt;&lt;/a&gt;</msg>
<doc>Takes a screenshot of the current page and embeds it into a log file.</doc>
<status status="PASS" start="2026-03-18T19:02:54.420358" elapsed="0.456562"/>
</kw>
<kw name="Wait Until Element Is Visible" owner="SeleniumLibrary">
<arg>xpath=//a[contains(.,'ผู้ติดต่อฉุกเฉิน')]</arg>
<arg>10s</arg>
<doc>Waits until the element ``locator`` is visible.</doc>
<status status="PASS" start="2026-03-18T19:02:54.885841" elapsed="0.056362"/>
</kw>
<kw name="Click Element" owner="SeleniumLibrary">
<msg time="2026-03-18T19:02:54.943203" level="INFO">Clicking element 'xpath=//a[contains(.,'ผู้ติดต่อฉุกเฉิน')]'.</msg>
<arg>xpath=//a[contains(.,'ผู้ติดต่อฉุกเฉิน')]</arg>
<doc>Click the element identified by ``locator``.</doc>
<status status="PASS" start="2026-03-18T19:02:54.942203" elapsed="0.194053"/>
</kw>
<kw name="Capture Page Screenshot" owner="SeleniumLibrary">
<msg time="2026-03-18T19:02:55.520053" level="INFO" html="true">&lt;/td&gt;&lt;/tr&gt;&lt;tr&gt;&lt;td colspan="3"&gt;&lt;a href="selenium-screenshot-38.png"&gt;&lt;img src="selenium-screenshot-38.png" width="800px"&gt;&lt;/a&gt;</msg>
<doc>Takes a screenshot of the current page and embeds it into a log file.</doc>
<status status="PASS" start="2026-03-18T19:02:55.137253" elapsed="0.382800"/>
</kw>
<kw name="Wait Until Page Contains" owner="SeleniumLibrary">
<arg>ผู้ติดต่อฉุกเฉิน</arg>
<arg>15s</arg>
<doc>Waits until ``text`` appears on the current page.</doc>
<status status="PASS" start="2026-03-18T19:02:55.538507" elapsed="0.112264"/>
</kw>
<kw name="Execute Javascript" owner="SeleniumLibrary">
<msg time="2026-03-18T19:02:55.663774" level="INFO">Executing JavaScript:
var el = document.querySelector('div.overflow-x-auto'); if (el) { el.scrollLeft = el.scrollWidth; }
Without any arguments.</msg>
<arg>var el = document.querySelector('div.overflow-x-auto'); if (el) { el.scrollLeft = el.scrollWidth; }</arg>
<doc>Executes the given JavaScript code with possible arguments.</doc>
<status status="PASS" start="2026-03-18T19:02:55.658774" elapsed="0.075807"/>
</kw>
<kw name="Capture Page Screenshot" owner="SeleniumLibrary">
<msg time="2026-03-18T19:02:56.079145" level="INFO" html="true">&lt;/td&gt;&lt;/tr&gt;&lt;tr&gt;&lt;td colspan="3"&gt;&lt;a href="selenium-screenshot-39.png"&gt;&lt;img src="selenium-screenshot-39.png" width="800px"&gt;&lt;/a&gt;</msg>
<doc>Takes a screenshot of the current page and embeds it into a log file.</doc>
<status status="PASS" start="2026-03-18T19:02:55.800385" elapsed="0.278760"/>
</kw>
<kw name="Sleep" owner="BuiltIn">
<msg time="2026-03-18T19:02:57.081654" level="INFO">Slept 1 second.</msg>
<arg>1s</arg>
<doc>Pauses the test executed for the given time.</doc>
<status status="PASS" start="2026-03-18T19:02:56.081163" elapsed="1.000491"/>
</kw>
<kw name="Click Element" owner="SeleniumLibrary">
<msg time="2026-03-18T19:02:57.081654" level="INFO">Clicking element 'xpath=//*[contains(text(),'สมศรี ดวงตา')]/ancestor::tr//button[2]'.</msg>
<arg>xpath=//*[contains(text(),'สมศรี ดวงตา')]/ancestor::tr//button[2]</arg>
<doc>Click the element identified by ``locator``.</doc>
<status status="PASS" start="2026-03-18T19:02:57.081654" elapsed="0.216931"/>
</kw>
<kw name="Capture Page Screenshot" owner="SeleniumLibrary">
<msg time="2026-03-18T19:02:57.510102" level="INFO" html="true">&lt;/td&gt;&lt;/tr&gt;&lt;tr&gt;&lt;td colspan="3"&gt;&lt;a href="selenium-screenshot-40.png"&gt;&lt;img src="selenium-screenshot-40.png" width="800px"&gt;&lt;/a&gt;</msg>
<doc>Takes a screenshot of the current page and embeds it into a log file.</doc>
<status status="PASS" start="2026-03-18T19:02:57.301365" elapsed="0.208737"/>
</kw>
<kw name="Wait Until Element Is Visible" owner="SeleniumLibrary">
<arg>xpath=//input[@type='email']</arg>
<arg>10s</arg>
<doc>Waits until the element ``locator`` is visible.</doc>
<status status="PASS" start="2026-03-18T19:02:57.511097" elapsed="0.080796"/>
</kw>
<kw name="Clear Element Text" owner="SeleniumLibrary">
<arg>xpath=//input[@type='email']</arg>
<doc>Clears the value of the text-input-element identified by ``locator``.</doc>
<status status="PASS" start="2026-03-18T19:02:57.591893" elapsed="0.125447"/>
</kw>
<kw name="Input Text" owner="SeleniumLibrary">
<msg time="2026-03-18T19:02:57.717340" level="INFO">Typing text 'sisi.d@gmail.com' into text field 'xpath=//input[@type='email']'.</msg>
<arg>xpath=//input[@type='email']</arg>
<arg>sisi.d@gmail.com</arg>
<doc>Types the given ``text`` into the text field identified by ``locator``.</doc>
<status status="PASS" start="2026-03-18T19:02:57.717340" elapsed="0.267532"/>
</kw>
<kw name="Capture Page Screenshot" owner="SeleniumLibrary">
<msg time="2026-03-18T19:02:58.190639" level="INFO" html="true">&lt;/td&gt;&lt;/tr&gt;&lt;tr&gt;&lt;td colspan="3"&gt;&lt;a href="selenium-screenshot-41.png"&gt;&lt;img src="selenium-screenshot-41.png" width="800px"&gt;&lt;/a&gt;</msg>
<doc>Takes a screenshot of the current page and embeds it into a log file.</doc>
<status status="PASS" start="2026-03-18T19:02:57.985891" elapsed="0.204748"/>
</kw>
<kw name="Wait Until Element Is Visible" owner="SeleniumLibrary">
<arg>xpath=//button[contains(.,'บันทึก')]</arg>
<arg>10s</arg>
<doc>Waits until the element ``locator`` is visible.</doc>
<status status="PASS" start="2026-03-18T19:02:58.193583" elapsed="0.070444"/>
</kw>
<kw name="Click Element" owner="SeleniumLibrary">
<msg time="2026-03-18T19:02:58.264027" level="INFO">Clicking element 'xpath=//button[contains(.,'บันทึก')]'.</msg>
<arg>xpath=//button[contains(.,'บันทึก')]</arg>
<doc>Click the element identified by ``locator``.</doc>
<status status="PASS" start="2026-03-18T19:02:58.264027" elapsed="0.236878"/>
</kw>
<kw name="Capture Page Screenshot" owner="SeleniumLibrary">
<msg time="2026-03-18T19:02:58.863661" level="INFO" html="true">&lt;/td&gt;&lt;/tr&gt;&lt;tr&gt;&lt;td colspan="3"&gt;&lt;a href="selenium-screenshot-42.png"&gt;&lt;img src="selenium-screenshot-42.png" width="800px"&gt;&lt;/a&gt;</msg>
<doc>Takes a screenshot of the current page and embeds it into a log file.</doc>
<status status="PASS" start="2026-03-18T19:02:58.514226" elapsed="0.349435"/>
</kw>
<kw name="Wait Until Page Contains" owner="SeleniumLibrary">
<arg>แก้ไขผู้ติดต่อสำเร็จ</arg>
<arg>10s</arg>
<doc>Waits until ``text`` appears on the current page.</doc>
<status status="PASS" start="2026-03-18T19:02:59.002941" elapsed="0.131094"/>
</kw>
<kw name="Wait Until Page Contains" owner="SeleniumLibrary">
<arg>สมศรี ดวงตา</arg>
<arg>15s</arg>
<doc>Waits until ``text`` appears on the current page.</doc>
<status status="PASS" start="2026-03-18T19:02:59.147739" elapsed="0.130294"/>
</kw>
<kw name="Page Should Contain" owner="SeleniumLibrary">
<msg time="2026-03-18T19:02:59.333860" level="INFO">Current page contains text 'สมศรี ดวงตา'.</msg>
<arg>สมศรี ดวงตา</arg>
<doc>Verifies that current page contains ``text``.</doc>
<status status="PASS" start="2026-03-18T19:02:59.280044" elapsed="0.053816"/>
</kw>
<kw name="Capture Page Screenshot" owner="SeleniumLibrary">
<msg time="2026-03-18T19:02:59.597230" level="INFO" html="true">&lt;/td&gt;&lt;/tr&gt;&lt;tr&gt;&lt;td colspan="3"&gt;&lt;a href="selenium-screenshot-43.png"&gt;&lt;img src="selenium-screenshot-43.png" width="800px"&gt;&lt;/a&gt;</msg>
<doc>Takes a screenshot of the current page and embeds it into a log file.</doc>
<status status="PASS" start="2026-03-18T19:02:59.335872" elapsed="0.261358"/>
</kw>
<kw name="Sleep" owner="BuiltIn">
<msg time="2026-03-18T19:03:09.630439" level="INFO">Slept 10 seconds.</msg>
<arg>10s</arg>
<doc>Pauses the test executed for the given time.</doc>
<status status="PASS" start="2026-03-18T19:02:59.625997" elapsed="10.004442"/>
</kw>
<kw name="Close Browser" owner="SeleniumLibrary">
<doc>Closes the current browser.</doc>
<status status="PASS" start="2026-03-18T19:03:09.630439" elapsed="3.153025"/>
</kw>
<status status="PASS" start="2026-03-18T19:02:44.757534" elapsed="28.027957"/>
</test>
<status status="PASS" start="2026-03-18T19:01:45.601713" elapsed="87.188239"/>
</suite>
<statistics>
<total>
<stat pass="4" fail="0" skip="0">All Tests</stat>
</total>
<tag>
</tag>
<suite>
<stat name="PBI-014-003" id="s1" pass="4" fail="0" skip="0">PBI-014-003</stat>
</suite>
</statistics>
<errors>
</errors>
</robot>
