<?xml version="1.0" encoding="UTF-8"?>
<robot generator="Robot 7.4.1 (Python 3.14.2 on win32)" generated="2026-03-18T16:57:29.621851" rpa="false" schemaversion="5">
<suite id="s1" name="TC-EMG-13" source="D:\663380608-3\3-2\SA\MyRobotest\UAT-PBI-014-006\TC-EMG-13\TC-EMG-13.robot">
<kw name="Set Selenium Speed" owner="SeleniumLibrary" type="SETUP">
<arg>0.5 seconds</arg>
<doc>Sets the delay that is waited after each Selenium command.</doc>
<status status="PASS" start="2026-03-18T16:57:29.802334" elapsed="0.000334"/>
</kw>
<test id="s1-t1" name="TC-EMG-13 Notify Location to 1 Emergency Contact" line="17">
<kw name="Step 1: Open Website">
<kw name="Open Browser" owner="SeleniumLibrary">
<msg time="2026-03-18T16:57:29.805007" level="INFO">Opening browser 'chrome' to base url 'https://csse4269.cpkku.com/'.</msg>
<arg>${URL}</arg>
<arg>${BROWSER}</arg>
<doc>Opens a new browser instance to the optional ``url``.</doc>
<status status="PASS" start="2026-03-18T16:57:29.804785" elapsed="3.688166"/>
</kw>
<kw name="Maximize Browser Window" owner="SeleniumLibrary">
<doc>Maximizes current browser window.</doc>
<status status="PASS" start="2026-03-18T16:57:33.493592" elapsed="0.577508"/>
</kw>
<kw name="Wait Until Page Contains" owner="SeleniumLibrary">
<arg>ไปนำแหน่</arg>
<arg>timeout=10s</arg>
<doc>Waits until ``text`` appears on the current page.</doc>
<status status="PASS" start="2026-03-18T16:57:34.071570" elapsed="0.540480"/>
</kw>
<kw name="Capture Page Screenshot" owner="SeleniumLibrary">
<msg time="2026-03-18T16:57:35.338484" level="INFO" html="true">&lt;/td&gt;&lt;/tr&gt;&lt;tr&gt;&lt;td colspan="3"&gt;&lt;a href="TC-EMG-13%20Notify%20Location%20to%201%20Emergency%20Contact_01_homepage.png"&gt;&lt;img src="TC-EMG-13%20Notify%20Location%20to%201%20Emergency%20Contact_01_homepage.png" width="800px"&gt;&lt;/a&gt;</msg>
<arg>${TEST NAME}_01_homepage.png</arg>
<doc>Takes a screenshot of the current page and embeds it into a log file.</doc>
<status status="PASS" start="2026-03-18T16:57:34.612357" elapsed="0.726239"/>
</kw>
<status status="PASS" start="2026-03-18T16:57:29.804509" elapsed="5.534204"/>
</kw>
<kw name="Step 2: Login to System">
<kw name="Click Element" owner="SeleniumLibrary">
<msg time="2026-03-18T16:57:35.340119" level="INFO">Clicking element 'xpath=//a[contains(text(), 'เข้าสู่ระบบ')]'.</msg>
<arg>xpath=//a[contains(text(), 'เข้าสู่ระบบ')]</arg>
<doc>Click the element identified by ``locator``.</doc>
<status status="PASS" start="2026-03-18T16:57:35.339764" elapsed="1.131303"/>
</kw>
<kw name="Wait Until Element Is Visible" owner="SeleniumLibrary">
<arg>id=identifier</arg>
<arg>timeout=10s</arg>
<doc>Waits until the element ``locator`` is visible.</doc>
<status status="PASS" start="2026-03-18T16:57:36.471507" elapsed="1.029438"/>
</kw>
<kw name="Input Text" owner="SeleniumLibrary">
<msg time="2026-03-18T16:57:37.501374" level="INFO">Typing text 'phatcharida.f@kkumail.com' into text field 'id=identifier'.</msg>
<arg>id=identifier</arg>
<arg>${USERNAME}</arg>
<doc>Types the given ``text`` into the text field identified by ``locator``.</doc>
<status status="PASS" start="2026-03-18T16:57:37.501137" elapsed="1.665921"/>
</kw>
<kw name="Input Password" owner="SeleniumLibrary">
<msg time="2026-03-18T16:57:39.168536" level="INFO">Typing password into text field 'id=password'.</msg>
<msg time="2026-03-18T16:57:40.208235" level="INFO">Temporally setting log level to: NONE</msg>
<arg>id=password</arg>
<arg>${PASSWORD}</arg>
<doc>Types the given password into the text field identified by ``locator``.</doc>
<status status="PASS" start="2026-03-18T16:57:39.167685" elapsed="1.600194"/>
</kw>
<kw name="Capture Page Screenshot" owner="SeleniumLibrary">
<msg time="2026-03-18T16:57:41.387917" level="INFO" html="true">&lt;/td&gt;&lt;/tr&gt;&lt;tr&gt;&lt;td colspan="3"&gt;&lt;a href="TC-EMG-13%20Notify%20Location%20to%201%20Emergency%20Contact_02_before_login.png"&gt;&lt;img src="TC-EMG-13%20Notify%20Location%20to%201%20Emergency%20Contact_02_before_login.png" width="800px"&gt;&lt;/a&gt;</msg>
<arg>${TEST NAME}_02_before_login.png</arg>
<doc>Takes a screenshot of the current page and embeds it into a log file.</doc>
<status status="PASS" start="2026-03-18T16:57:40.768444" elapsed="0.619701"/>
</kw>
<kw name="Click Button" owner="SeleniumLibrary">
<msg time="2026-03-18T16:57:41.388973" level="INFO">Clicking button 'xpath=//button[@type='submit' and contains(text(), 'เข้าสู่ระบบ')]'.</msg>
<arg>xpath=//button[@type='submit' and contains(text(), 'เข้าสู่ระบบ')]</arg>
<doc>Clicks the button identified by ``locator``.</doc>
<status status="PASS" start="2026-03-18T16:57:41.388494" elapsed="2.628599"/>
</kw>
<kw name="Wait Until Page Contains" owner="SeleniumLibrary">
<arg>เดินทางร่วมกัน อย่างมั่นใจ ด้วยความปลอดภัยเป็นอันดับหนึ่ง</arg>
<arg>timeout=10s</arg>
<doc>Waits until ``text`` appears on the current page.</doc>
<status status="PASS" start="2026-03-18T16:57:44.017903" elapsed="0.531437"/>
</kw>
<kw name="Capture Page Screenshot" owner="SeleniumLibrary">
<msg time="2026-03-18T16:57:45.242529" level="INFO" html="true">&lt;/td&gt;&lt;/tr&gt;&lt;tr&gt;&lt;td colspan="3"&gt;&lt;a href="TC-EMG-13%20Notify%20Location%20to%201%20Emergency%20Contact_03_after_login_success.png"&gt;&lt;img src="TC-EMG-13%20Notify%20Location%20to%201%20Emergency%20Contact_03_after_login_success.png" width="800px"&gt;&lt;/a&gt;</msg>
<arg>${TEST NAME}_03_after_login_success.png</arg>
<doc>Takes a screenshot of the current page and embeds it into a log file.</doc>
<status status="PASS" start="2026-03-18T16:57:44.549562" elapsed="0.693136"/>
</kw>
<status status="PASS" start="2026-03-18T16:57:35.339405" elapsed="9.903475"/>
</kw>
<kw name="Step 3: Click Notify Location Button">
<kw name="Wait Until Element Is Visible" owner="SeleniumLibrary">
<arg>xpath=//span[text()='แจ้งตำแหน่ง']/..</arg>
<arg>timeout=10s</arg>
<doc>Waits until the element ``locator`` is visible.</doc>
<status status="PASS" start="2026-03-18T16:57:45.243863" elapsed="1.037812"/>
</kw>
<kw name="Click Element" owner="SeleniumLibrary">
<msg time="2026-03-18T16:57:46.282309" level="INFO">Clicking element 'xpath=//span[text()='แจ้งตำแหน่ง']/..'.</msg>
<arg>xpath=//span[text()='แจ้งตำแหน่ง']/..</arg>
<doc>Click the element identified by ``locator``.</doc>
<status status="PASS" start="2026-03-18T16:57:46.281977" elapsed="1.095634"/>
</kw>
<kw name="Wait Until Page Contains" owner="SeleniumLibrary">
<arg>เลือกผู้ติดต่อ</arg>
<arg>timeout=10s</arg>
<doc>Waits until ``text`` appears on the current page.</doc>
<status status="PASS" start="2026-03-18T16:57:47.377984" elapsed="0.513587"/>
</kw>
<kw name="Capture Page Screenshot" owner="SeleniumLibrary">
<msg time="2026-03-18T16:57:48.610638" level="INFO" html="true">&lt;/td&gt;&lt;/tr&gt;&lt;tr&gt;&lt;td colspan="3"&gt;&lt;a href="TC-EMG-13%20Notify%20Location%20to%201%20Emergency%20Contact_04_notify_modal.png"&gt;&lt;img src="TC-EMG-13%20Notify%20Location%20to%201%20Emergency%20Contact_04_notify_modal.png" width="800px"&gt;&lt;/a&gt;</msg>
<arg>${TEST NAME}_04_notify_modal.png</arg>
<doc>Takes a screenshot of the current page and embeds it into a log file.</doc>
<status status="PASS" start="2026-03-18T16:57:47.891910" elapsed="0.719066"/>
</kw>
<status status="PASS" start="2026-03-18T16:57:45.243406" elapsed="3.367925"/>
</kw>
<kw name="Step 4: Select 1 Emergency Contact And Duration">
<kw name="Set Variable" owner="BuiltIn">
<msg time="2026-03-18T16:57:48.614315" level="INFO">${locator} = xpath=//p[text()='พัชริดา เฟื่องอารมย์']/ancestor::label</msg>
<var>${locator}</var>
<arg>xpath=//p[text()='${CONTACT_1}']/ancestor::label</arg>
<doc>Returns the given values which can then be assigned to a variables.</doc>
<status status="PASS" start="2026-03-18T16:57:48.612890" elapsed="0.001509"/>
</kw>
<kw name="Wait Until Element Is Visible" owner="SeleniumLibrary">
<arg>${locator}</arg>
<arg>timeout=10s</arg>
<doc>Waits until the element ``locator`` is visible.</doc>
<status status="PASS" start="2026-03-18T16:57:48.614701" elapsed="1.022744"/>
</kw>
<kw name="Scroll Element Into View" owner="SeleniumLibrary">
<arg>${locator}</arg>
<doc>Scrolls the element identified by ``locator`` into view.</doc>
<status status="PASS" start="2026-03-18T16:57:49.637677" elapsed="1.308787"/>
</kw>
<kw name="Click Element" owner="SeleniumLibrary">
<msg time="2026-03-18T16:57:50.947178" level="INFO">Clicking element 'xpath=//p[text()='พัชริดา เฟื่องอารมย์']/ancestor::label'.</msg>
<arg>${locator}</arg>
<doc>Click the element identified by ``locator``.</doc>
<status status="PASS" start="2026-03-18T16:57:50.946778" elapsed="1.060631"/>
</kw>
<kw name="Set Variable" owner="BuiltIn">
<msg time="2026-03-18T16:57:52.008027" level="INFO">${select_locator} = xpath=//label[text()='ระยะเวลาการแจ้งตำแหน่ง']/following-sibling::select</msg>
<var>${select_locator}</var>
<arg>xpath=//label[text()='ระยะเวลาการแจ้งตำแหน่ง']/following-sibling::select</arg>
<doc>Returns the given values which can then be assigned to a variables.</doc>
<status status="PASS" start="2026-03-18T16:57:52.007640" elapsed="0.000420"/>
</kw>
<kw name="Wait Until Element Is Visible" owner="SeleniumLibrary">
<arg>${select_locator}</arg>
<arg>timeout=10s</arg>
<doc>Waits until the element ``locator`` is visible.</doc>
<status status="PASS" start="2026-03-18T16:57:52.008167" elapsed="1.021186"/>
</kw>
<kw name="Select From List By Label" owner="SeleniumLibrary">
<msg time="2026-03-18T16:57:53.030664" level="INFO">Selecting options from selection list 'xpath=//label[text()='ระยะเวลาการแจ้งตำแหน่ง']/following-sibling::select' by label 15 นาที.</msg>
<arg>${select_locator}</arg>
<arg>${DURATION}</arg>
<doc>Selects options from selection list ``locator`` by ``labels``.</doc>
<status status="PASS" start="2026-03-18T16:57:53.029893" elapsed="5.694764"/>
</kw>
<kw name="Capture Page Screenshot" owner="SeleniumLibrary">
<msg time="2026-03-18T16:57:59.411167" level="INFO" html="true">&lt;/td&gt;&lt;/tr&gt;&lt;tr&gt;&lt;td colspan="3"&gt;&lt;a href="TC-EMG-13%20Notify%20Location%20to%201%20Emergency%20Contact_05_selected_contact_and_duration.png"&gt;&lt;img src="TC-EMG-13%20Notify%20Location%20to%201%20Emergency%20Contact_05_selected_contact_and_duration.png" width="800px"&gt;&lt;/a&gt;</msg>
<arg>${TEST NAME}_05_selected_contact_and_duration.png</arg>
<doc>Takes a screenshot of the current page and embeds it into a log file.</doc>
<status status="PASS" start="2026-03-18T16:57:58.725103" elapsed="0.686191"/>
</kw>
<status status="PASS" start="2026-03-18T16:57:48.612188" elapsed="10.799235"/>
</kw>
<kw name="Step 5: Submit And Verify Notification Status">
<kw name="Set Variable" owner="BuiltIn">
<msg time="2026-03-18T16:57:59.412560" level="INFO">${submit_btn} = xpath=//button[text()='ส่งและเริ่มแจ้งตำแหน่ง']</msg>
<var>${submit_btn}</var>
<arg>xpath=//button[text()='ส่งและเริ่มแจ้งตำแหน่ง']</arg>
<doc>Returns the given values which can then be assigned to a variables.</doc>
<status status="PASS" start="2026-03-18T16:57:59.412173" elapsed="0.000430"/>
</kw>
<kw name="Wait Until Element Is Enabled" owner="SeleniumLibrary">
<arg>${submit_btn}</arg>
<arg>timeout=10s</arg>
<doc>Waits until the element ``locator`` is enabled.</doc>
<status status="PASS" start="2026-03-18T16:57:59.412750" elapsed="1.529972"/>
</kw>
<kw name="Click Button" owner="SeleniumLibrary">
<msg time="2026-03-18T16:58:00.943576" level="INFO">Clicking button 'xpath=//button[text()='ส่งและเริ่มแจ้งตำแหน่ง']'.</msg>
<arg>${submit_btn}</arg>
<doc>Clicks the button identified by ``locator``.</doc>
<status status="PASS" start="2026-03-18T16:58:00.943119" elapsed="2.592360"/>
</kw>
<kw name="Wait Until Element Is Visible" owner="SeleniumLibrary">
<arg>xpath=//span[text()='กำลังแจ้งตำแหน่ง']</arg>
<arg>timeout=10s</arg>
<doc>Waits until the element ``locator`` is visible.</doc>
<status status="PASS" start="2026-03-18T16:58:03.535955" elapsed="4.595445"/>
</kw>
<kw name="Wait Until Element Is Visible" owner="SeleniumLibrary">
<arg>xpath=//button[contains(@class, 'text-red-600')]</arg>
<arg>timeout=5s</arg>
<doc>Waits until the element ``locator`` is visible.</doc>
<status status="PASS" start="2026-03-18T16:58:08.131596" elapsed="1.023285"/>
</kw>
<kw name="Wait Until Element Is Visible" owner="SeleniumLibrary">
<arg>xpath=//span[contains(@class, 'bg-red-500')]</arg>
<arg>timeout=5s</arg>
<doc>Waits until the element ``locator`` is visible.</doc>
<status status="PASS" start="2026-03-18T16:58:09.155069" elapsed="1.021042"/>
</kw>
<kw name="Capture Page Screenshot" owner="SeleniumLibrary">
<msg time="2026-03-18T16:58:10.933300" level="INFO" html="true">&lt;/td&gt;&lt;/tr&gt;&lt;tr&gt;&lt;td colspan="3"&gt;&lt;a href="TC-EMG-13%20Notify%20Location%20to%201%20Emergency%20Contact_06_after_submit_success.png"&gt;&lt;img src="TC-EMG-13%20Notify%20Location%20to%201%20Emergency%20Contact_06_after_submit_success.png" width="800px"&gt;&lt;/a&gt;</msg>
<arg>${TEST NAME}_06_after_submit_success.png</arg>
<doc>Takes a screenshot of the current page and embeds it into a log file.</doc>
<status status="PASS" start="2026-03-18T16:58:10.176339" elapsed="0.757126"/>
</kw>
<status status="PASS" start="2026-03-18T16:57:59.411823" elapsed="11.521809"/>
</kw>
<kw name="Close Browser" owner="SeleniumLibrary" type="TEARDOWN">
<doc>Closes the current browser.</doc>
<status status="PASS" start="2026-03-18T16:58:10.934761" elapsed="2.737237"/>
</kw>
<doc>Test Scenario: UAT-PBI-014-006 - ทดสอบผู้โดยสารแจ้งตำแหน่งผู้ติดต่อ 1 คน สำเร็จ</doc>
<status status="PASS" start="2026-03-18T16:57:29.802829" elapsed="43.869879"/>
</test>
<status status="PASS" start="2026-03-18T16:57:29.627391" elapsed="44.048128"/>
</suite>
<statistics>
<total>
<stat pass="1" fail="0" skip="0">All Tests</stat>
</total>
<tag>
</tag>
<suite>
<stat name="TC-EMG-13" id="s1" pass="1" fail="0" skip="0">TC-EMG-13</stat>
</suite>
</statistics>
<errors>
</errors>
</robot>
