<?xml version="1.0" encoding="UTF-8"?>
<robot generator="Robot 7.4.1 (Python 3.14.2 on win32)" generated="2026-03-18T17:20:49.480079" rpa="false" schemaversion="5">
<suite id="s1" name="TC-EMG-16" source="D:\663380608-3\3-2\SA\MyRobotest\UAT-PBI-014-007\TC-EMG-16\TC-EMG-16.robot">
<kw name="Set Selenium Speed" owner="SeleniumLibrary" type="SETUP">
<arg>0.5 seconds</arg>
<doc>Sets the delay that is waited after each Selenium command.</doc>
<status status="PASS" start="2026-03-18T17:20:49.651727" elapsed="0.000333"/>
</kw>
<test id="s1-t1" name="TC-EMG-16 Stop Notifying Location (2 Emergency Contacts)" line="17">
<kw name="Step 1: Open Website">
<kw name="Open Browser" owner="SeleniumLibrary">
<msg time="2026-03-18T17:20:49.654125" level="INFO">Opening browser 'chrome' to base url 'https://csse4269.cpkku.com/'.</msg>
<arg>${URL}</arg>
<arg>${BROWSER}</arg>
<doc>Opens a new browser instance to the optional ``url``.</doc>
<status status="PASS" start="2026-03-18T17:20:49.653896" elapsed="3.271201"/>
</kw>
<kw name="Maximize Browser Window" owner="SeleniumLibrary">
<doc>Maximizes current browser window.</doc>
<status status="PASS" start="2026-03-18T17:20:52.925869" elapsed="0.585388"/>
</kw>
<kw name="Wait Until Page Contains" owner="SeleniumLibrary">
<arg>ไปนำแหน่</arg>
<arg>timeout=15s</arg>
<doc>Waits until ``text`` appears on the current page.</doc>
<status status="PASS" start="2026-03-18T17:20:53.511454" elapsed="0.538936"/>
</kw>
<kw name="Capture Page Screenshot" owner="SeleniumLibrary">
<msg time="2026-03-18T17:20:54.794380" level="INFO" html="true">&lt;/td&gt;&lt;/tr&gt;&lt;tr&gt;&lt;td colspan="3"&gt;&lt;a href="TC-EMG-16%20Stop%20Notifying%20Location%20%282%20Emergency%20Contacts%29_01_homepage.png"&gt;&lt;img src="TC-EMG-16%20Stop%20Notifying%20Location%20%282%20Emergency%20Contacts%29_01_homepage.png" width="800px"&gt;&lt;/a&gt;</msg>
<arg>${TEST NAME}_01_homepage.png</arg>
<doc>Takes a screenshot of the current page and embeds it into a log file.</doc>
<status status="PASS" start="2026-03-18T17:20:54.050617" elapsed="0.743887"/>
</kw>
<status status="PASS" start="2026-03-18T17:20:49.653595" elapsed="5.141053"/>
</kw>
<kw name="Step 2: Login to System">
<kw name="Click Element" owner="SeleniumLibrary">
<msg time="2026-03-18T17:20:54.797022" level="INFO">Clicking element 'xpath=//a[contains(text(), 'เข้าสู่ระบบ')]'.</msg>
<arg>xpath=//a[contains(text(), 'เข้าสู่ระบบ')]</arg>
<doc>Click the element identified by ``locator``.</doc>
<status status="PASS" start="2026-03-18T17:20:54.796010" elapsed="1.116955"/>
</kw>
<kw name="Wait Until Element Is Visible" owner="SeleniumLibrary">
<arg>id=identifier</arg>
<arg>timeout=10s</arg>
<doc>Waits until the element ``locator`` is visible.</doc>
<status status="PASS" start="2026-03-18T17:20:55.913361" elapsed="1.049636"/>
</kw>
<kw name="Input Text" owner="SeleniumLibrary">
<msg time="2026-03-18T17:20:56.964044" level="INFO">Typing text 'phatcharida.f@kkumail.com' into text field 'id=identifier'.</msg>
<arg>id=identifier</arg>
<arg>${USERNAME}</arg>
<doc>Types the given ``text`` into the text field identified by ``locator``.</doc>
<status status="PASS" start="2026-03-18T17:20:56.963409" elapsed="1.674243"/>
</kw>
<kw name="Input Password" owner="SeleniumLibrary">
<msg time="2026-03-18T17:20:58.638801" level="INFO">Typing password into text field 'id=password'.</msg>
<msg time="2026-03-18T17:20:59.682509" level="INFO">Temporally setting log level to: NONE</msg>
<arg>id=password</arg>
<arg>${PASSWORD}</arg>
<doc>Types the given password into the text field identified by ``locator``.</doc>
<status status="PASS" start="2026-03-18T17:20:58.638160" elapsed="1.612182"/>
</kw>
<kw name="Click Button" owner="SeleniumLibrary">
<msg time="2026-03-18T17:21:00.251128" level="INFO">Clicking button 'xpath=//button[@type='submit' and contains(text(), 'เข้าสู่ระบบ')]'.</msg>
<arg>xpath=//button[@type='submit' and contains(text(), 'เข้าสู่ระบบ')]</arg>
<doc>Clicks the button identified by ``locator``.</doc>
<status status="PASS" start="2026-03-18T17:21:00.250702" elapsed="2.629715"/>
</kw>
<kw name="Wait Until Page Contains" owner="SeleniumLibrary">
<arg>เดินทางร่วมกัน อย่างมั่นใจ</arg>
<arg>timeout=10s</arg>
<doc>Waits until ``text`` appears on the current page.</doc>
<status status="PASS" start="2026-03-18T17:21:02.880787" elapsed="0.562108"/>
</kw>
<status status="PASS" start="2026-03-18T17:20:54.795569" elapsed="8.647632"/>
</kw>
<kw name="Step 3.2: Setup Pre-requisite - Start Notifying 2 Contacts">
<kw name="Wait Until Element Is Visible" owner="SeleniumLibrary">
<arg>xpath=//span[text()='แจ้งตำแหน่ง']/..</arg>
<arg>timeout=15s</arg>
<doc>Waits until the element ``locator`` is visible.</doc>
<status status="PASS" start="2026-03-18T17:21:03.444927" elapsed="1.036531"/>
</kw>
<kw name="Click Element" owner="SeleniumLibrary">
<msg time="2026-03-18T17:21:04.481850" level="INFO">Clicking element 'xpath=//span[text()='แจ้งตำแหน่ง']/..'.</msg>
<arg>xpath=//span[text()='แจ้งตำแหน่ง']/..</arg>
<doc>Click the element identified by ``locator``.</doc>
<status status="PASS" start="2026-03-18T17:21:04.481652" elapsed="1.062706"/>
</kw>
<kw name="Wait Until Page Contains" owner="SeleniumLibrary">
<arg>เลือกผู้ติดต่อ</arg>
<arg>timeout=10s</arg>
<doc>Waits until ``text`` appears on the current page.</doc>
<status status="PASS" start="2026-03-18T17:21:05.544742" elapsed="0.513115"/>
</kw>
<kw name="Click Element" owner="SeleniumLibrary">
<msg time="2026-03-18T17:21:06.058691" level="INFO">Clicking element 'xpath=//p[text()='กิตติญา ภาผล']/ancestor::label'.</msg>
<arg>xpath=//p[text()='${CONTACT_2_1}']/ancestor::label</arg>
<doc>Click the element identified by ``locator``.</doc>
<status status="PASS" start="2026-03-18T17:21:06.058170" elapsed="1.074145"/>
</kw>
<kw name="Click Element" owner="SeleniumLibrary">
<msg time="2026-03-18T17:21:07.132690" level="INFO">Clicking element 'xpath=//p[text()='วัฒนพงศ์ วิชาโคตร']/ancestor::label'.</msg>
<arg>xpath=//p[text()='${CONTACT_2_2}']/ancestor::label</arg>
<doc>Click the element identified by ``locator``.</doc>
<status status="PASS" start="2026-03-18T17:21:07.132474" elapsed="1.054995"/>
</kw>
<kw name="Select From List By Label" owner="SeleniumLibrary">
<msg time="2026-03-18T17:21:08.188450" level="INFO">Selecting options from selection list 'xpath=//label[text()='ระยะเวลาการแจ้งตำแหน่ง']/following-sibling::select' by label 15 นาที.</msg>
<arg>xpath=//label[text()='ระยะเวลาการแจ้งตำแหน่ง']/following-sibling::select</arg>
<arg>${DURATION}</arg>
<doc>Selects options from selection list ``locator`` by ``labels``.</doc>
<status status="PASS" start="2026-03-18T17:21:08.187873" elapsed="5.649537"/>
</kw>
<kw name="Click Button" owner="SeleniumLibrary">
<msg time="2026-03-18T17:21:13.838446" level="INFO">Clicking button 'xpath=//button[text()='ส่งและเริ่มแจ้งตำแหน่ง']'.</msg>
<arg>xpath=//button[text()='ส่งและเริ่มแจ้งตำแหน่ง']</arg>
<doc>Clicks the button identified by ``locator``.</doc>
<status status="PASS" start="2026-03-18T17:21:13.837902" elapsed="2.617129"/>
</kw>
<kw name="Wait Until Element Is Visible" owner="SeleniumLibrary">
<arg>xpath=//span[text()='กำลังแจ้งตำแหน่ง']</arg>
<arg>timeout=10s</arg>
<doc>Waits until the element ``locator`` is visible.</doc>
<status status="PASS" start="2026-03-18T17:21:16.455487" elapsed="6.019205"/>
</kw>
<doc>ขั้นตอนนี้จำลองจาก UAT-PBI-014-006</doc>
<status status="PASS" start="2026-03-18T17:21:03.444210" elapsed="19.030763"/>
</kw>
<kw name="Step 4: Stop Notification And Verify Result">
<kw name="Set Variable" owner="BuiltIn">
<msg time="2026-03-18T17:21:22.477438" level="INFO">${sharing_btn} = xpath=//span[text()='กำลังแจ้งตำแหน่ง']/ancestor::button</msg>
<var>${sharing_btn}</var>
<arg>xpath=//span[text()='กำลังแจ้งตำแหน่ง']/ancestor::button</arg>
<doc>Returns the given values which can then be assigned to a variables.</doc>
<status status="PASS" start="2026-03-18T17:21:22.476393" elapsed="0.001113"/>
</kw>
<kw name="Wait Until Element Is Visible" owner="SeleniumLibrary">
<arg>${sharing_btn}</arg>
<arg>timeout=10s</arg>
<doc>Waits until the element ``locator`` is visible.</doc>
<status status="PASS" start="2026-03-18T17:21:22.477684" elapsed="1.026900"/>
</kw>
<kw name="Click Element" owner="SeleniumLibrary">
<msg time="2026-03-18T17:21:23.505650" level="INFO">Clicking element 'xpath=//span[text()='กำลังแจ้งตำแหน่ง']/ancestor::button'.</msg>
<arg>${sharing_btn}</arg>
<doc>Click the element identified by ``locator``.</doc>
<status status="PASS" start="2026-03-18T17:21:23.505087" elapsed="1.079142"/>
</kw>
<kw name="Set Variable" owner="BuiltIn">
<msg time="2026-03-18T17:21:24.585384" level="INFO">${stop_btn} = xpath=//button[contains(@class, 'bg-red-600') and text()='หยุดการแจ้งตำแหน่ง']</msg>
<var>${stop_btn}</var>
<arg>xpath=//button[contains(@class, 'bg-red-600') and text()='หยุดการแจ้งตำแหน่ง']</arg>
<doc>Returns the given values which can then be assigned to a variables.</doc>
<status status="PASS" start="2026-03-18T17:21:24.584533" elapsed="0.000939"/>
</kw>
<kw name="Wait Until Element Is Visible" owner="SeleniumLibrary">
<arg>${stop_btn}</arg>
<arg>timeout=10s</arg>
<doc>Waits until the element ``locator`` is visible.</doc>
<status status="PASS" start="2026-03-18T17:21:24.585779" elapsed="1.033597"/>
</kw>
<kw name="Click Button" owner="SeleniumLibrary">
<msg time="2026-03-18T17:21:25.620151" level="INFO">Clicking button 'xpath=//button[contains(@class, 'bg-red-600') and text()='หยุดการแจ้งตำแหน่ง']'.</msg>
<arg>${stop_btn}</arg>
<doc>Clicks the button identified by ``locator``.</doc>
<status status="PASS" start="2026-03-18T17:21:25.619720" elapsed="2.604219"/>
</kw>
<kw name="Wait Until Page Contains" owner="SeleniumLibrary">
<arg>แจ้งตำแหน่ง</arg>
<arg>timeout=10s</arg>
<doc>Waits until ``text`` appears on the current page.</doc>
<status status="PASS" start="2026-03-18T17:21:28.224314" elapsed="0.515625"/>
</kw>
<kw name="Set Variable" owner="BuiltIn">
<msg time="2026-03-18T17:21:28.741118" level="INFO">${normal_btn} = xpath=//span[text()='แจ้งตำแหน่ง']/ancestor::button</msg>
<var>${normal_btn}</var>
<arg>xpath=//span[text()='แจ้งตำแหน่ง']/ancestor::button</arg>
<doc>Returns the given values which can then be assigned to a variables.</doc>
<status status="PASS" start="2026-03-18T17:21:28.740251" elapsed="0.000954"/>
</kw>
<kw name="Get Element Attribute" owner="SeleniumLibrary">
<msg time="2026-03-18T17:21:29.771845" level="INFO">${classes} = relative flex items-center gap-1.5 px-3 py-1.5 text-sm font-medium rounded-lg transition-all duration-200 text-gray-600 hover:text-blue-600 hover:bg-blue-50</msg>
<var>${classes}</var>
<arg>${normal_btn}</arg>
<arg>class</arg>
<doc>Returns the value of ``attribute`` from the element ``locator``.</doc>
<status status="PASS" start="2026-03-18T17:21:28.741500" elapsed="1.030478"/>
</kw>
<kw name="Should Not Contain" owner="BuiltIn">
<arg>${classes}</arg>
<arg>text-red-600</arg>
<doc>Fails if ``container`` contains ``item`` one or more times.</doc>
<status status="PASS" start="2026-03-18T17:21:29.772345" elapsed="0.001252"/>
</kw>
<kw name="Capture Page Screenshot" owner="SeleniumLibrary">
<msg time="2026-03-18T17:21:30.490334" level="INFO" html="true">&lt;/td&gt;&lt;/tr&gt;&lt;tr&gt;&lt;td colspan="3"&gt;&lt;a href="TC-EMG-16%20Stop%20Notifying%20Location%20%282%20Emergency%20Contacts%29_final_result.png"&gt;&lt;img src="TC-EMG-16%20Stop%20Notifying%20Location%20%282%20Emergency%20Contacts%29_final_result.png" width="800px"&gt;&lt;/a&gt;</msg>
<arg>${TEST NAME}_final_result.png</arg>
<doc>Takes a screenshot of the current page and embeds it into a log file.</doc>
<status status="PASS" start="2026-03-18T17:21:29.773902" elapsed="0.716589"/>
</kw>
<status status="PASS" start="2026-03-18T17:21:22.475771" elapsed="8.014976"/>
</kw>
<kw name="Close Browser" owner="SeleniumLibrary" type="TEARDOWN">
<doc>Closes the current browser.</doc>
<status status="PASS" start="2026-03-18T17:21:30.491319" elapsed="2.748749"/>
</kw>
<doc>Test Scenario: UAT-PBI-014-007 - ผู้โดยสารหยุดแจ้งตำแหน่ง กรณีเลือกผู้ติดต่อ 2 คน</doc>
<status status="PASS" start="2026-03-18T17:20:49.652216" elapsed="43.588505"/>
</test>
<status status="PASS" start="2026-03-18T17:20:49.481777" elapsed="43.761454"/>
</suite>
<statistics>
<total>
<stat pass="1" fail="0" skip="0">All Tests</stat>
</total>
<tag>
</tag>
<suite>
<stat name="TC-EMG-16" id="s1" pass="1" fail="0" skip="0">TC-EMG-16</stat>
</suite>
</statistics>
<errors>
</errors>
</robot>
